2020-Jul-26 20:45:18 PM [main] INFO  CommonLogger - CatalogDownloadDtlsHandler getCatalogDownLoadedFileName for inRootNick DemoGShContentRoot
2020-Jul-26 20:45:18 PM [main] INFO  CommonLogger - CatalogDownloadDtlsHandler getCatalogDownLoadedFileNameIfAvailable. rootNick : DemoGShContentRoot
2020-Jul-26 20:45:18 PM [main] INFO  CommonLogger - CatalogDownloadDtlsHandler refreshCatalogDownloadDetailsMap start at 20200726204518
2020-Jul-26 20:45:18 PM [main] INFO  CommonLogger - ContentDownloader downloadContentFilesForOneRoot Started at 20200726204518
2020-Jul-26 20:45:22 PM [main] INFO  CommonLogger - At Commons isInternetAvailable about to check via http://www.google.com
2020-Jul-26 20:45:22 PM [main] INFO  CommonLogger - At commons isInternetAvailable able to connect to http://www.google.com
2020-Jul-26 20:45:22 PM [main] INFO  CommonLogger - CatalogDownloader start of downloadCatalog root :DemoGShContentRoot at 20200726204522
2020-Jul-26 20:45:22 PM [main] INFO  CommonLogger - CatalogDownloadDtlsHandler refreshCatalogDownloadDetailsMap start at 20200726204522
2020-Jul-26 20:45:22 PM [main] INFO  CommonLogger - CatalogDownloadDtlsHandler refreshCatalogDownloadDetailsMap start at 20200726204522
2020-Jul-26 20:45:22 PM [main] INFO  CommonLogger - CatalogDownloadDtlsHandler refreshCatalogDownloadDetailsMap start at 20200726204522
2020-Jul-26 20:45:22 PM [main] INFO  CommonLogger - CatalogDownloadDtlsHandler getCatalogDownLoadedFileName for inRootNick DemoGShContentRoot
2020-Jul-26 20:45:22 PM [main] INFO  CommonLogger - CatalogDownloadDtlsHandler getCatalogDownLoadedFileNameIfAvailable. rootNick : DemoGShContentRoot
2020-Jul-26 20:45:22 PM [main] INFO  CommonLogger - CatalogDownloadDtlsHandler refreshCatalogDownloadDetailsMap start at 20200726204522
2020-Jul-26 20:45:22 PM [main] INFO  CommonLogger - ContentDownloader downloadContentFilesForOneRoot Started at 20200726204522
2020-Jul-26 20:45:22 PM [main] INFO  CommonLogger - At Commons isInternetAvailable about to check via http://www.google.com
2020-Jul-26 20:45:22 PM [main] INFO  CommonLogger - At commons isInternetAvailable able to connect to http://www.google.com
2020-Jul-26 20:45:22 PM [main] INFO  CommonLogger - CatalogDownloader start of downloadCatalog root :DemoGShContentRoot at 20200726204522
2020-Jul-26 20:45:22 PM [main] INFO  CommonLogger - CatalogDownloadDtlsHandler refreshCatalogDownloadDetailsMap start at 20200726204522
2020-Jul-26 20:45:22 PM [main] INFO  CommonLogger - CatalogDownloadDtlsHandler refreshCatalogDownloadDetailsMap start at 20200726204522
2020-Jul-26 20:45:22 PM [main] INFO  CommonLogger - CatalogDownloadDtlsHandler refreshCatalogDownloadDetailsMap start at 20200726204522
2020-Jul-26 20:45:22 PM [main] INFO  CommonLogger - CatalogDownloadDtlsHandler getCatalogDownLoadedFileName for inRootNick DemoGShContentRoot
2020-Jul-26 20:45:22 PM [main] INFO  CommonLogger - CatalogDownloadDtlsHandler getCatalogDownLoadedFileNameIfAvailable. rootNick : DemoGShContentRoot
2020-Jul-26 20:45:22 PM [main] INFO  CommonLogger - CatalogDownloadDtlsHandler refreshCatalogDownloadDetailsMap start at 20200726204522
2020-Jul-26 20:45:22 PM [main] INFO  CommonLogger - ContentDownloader downloadContentFilesForOneRoot Started at 20200726204522
2020-Jul-26 20:45:22 PM [main] INFO  CommonLogger - At Commons isInternetAvailable about to check via http://www.google.com
2020-Jul-26 20:45:22 PM [main] INFO  CommonLogger - At commons isInternetAvailable able to connect to http://www.google.com
2020-Jul-26 20:45:22 PM [main] INFO  CommonLogger - CatalogDownloader start of downloadCatalog root :DemoGShContentRoot at 20200726204522
2020-Jul-26 20:45:22 PM [main] INFO  CommonLogger - CatalogDownloadDtlsHandler refreshCatalogDownloadDetailsMap start at 20200726204522
2020-Jul-26 20:45:22 PM [main] INFO  CommonLogger - CatalogDownloadDtlsHandler refreshCatalogDownloadDetailsMap start at 20200726204522
2020-Jul-26 20:45:22 PM [main] INFO  CommonLogger - CatalogDownloadDtlsHandler refreshCatalogDownloadDetailsMap start at 20200726204522
2020-Jul-26 20:45:22 PM [main] INFO  CommonLogger - CatalogDownloadDtlsHandler getCatalogDownLoadedFileName for inRootNick DemoGShContentRoot
2020-Jul-26 20:45:22 PM [main] INFO  CommonLogger - CatalogDownloadDtlsHandler getCatalogDownLoadedFileNameIfAvailable. rootNick : DemoGShContentRoot
2020-Jul-26 20:45:22 PM [main] INFO  CommonLogger - CatalogDownloadDtlsHandler refreshCatalogDownloadDetailsMap start at 20200726204522
2020-Jul-26 20:45:22 PM [main] INFO  CommonLogger - ContentDownloader downloadContentFilesForOneRoot Started at 20200726204522
2020-Jul-26 20:45:22 PM [main] INFO  CommonLogger - At Commons isInternetAvailable about to check via http://www.google.com
2020-Jul-26 20:45:23 PM [main] INFO  CommonLogger - At commons isInternetAvailable able to connect to http://www.google.com
2020-Jul-26 20:45:23 PM [main] INFO  CommonLogger - CatalogDownloader start of downloadCatalog root :DemoGShContentRoot at 20200726204523
2020-Jul-26 20:45:23 PM [main] INFO  CommonLogger - CatalogDownloadDtlsHandler refreshCatalogDownloadDetailsMap start at 20200726204523
2020-Jul-26 20:45:23 PM [main] INFO  CommonLogger - CatalogDownloadDtlsHandler refreshCatalogDownloadDetailsMap start at 20200726204523
2020-Jul-26 20:45:23 PM [main] INFO  CommonLogger - CatalogDownloadDtlsHandler refreshCatalogDownloadDetailsMap start at 20200726204523
2020-Jul-26 20:45:23 PM [main] INFO  CommonLogger - CatalogDownloadDtlsHandler getCatalogDownLoadedFileNameIfAvailable. rootNick : DemoGShContentRoot
2020-Jul-26 20:45:23 PM [main] INFO  CommonLogger - CatalogDownloadDtlsHandler refreshCatalogDownloadDetailsMap start at 20200726204523
2020-Jul-26 20:45:23 PM [main] INFO  CommonLogger - CatalogDownloadDtlsHandler refreshCatalogDownloadDetailsMap start at 20200726204523
2020-Jul-26 20:45:23 PM [main] INFO  CommonLogger - CatalogDownloadDtlsHandler updateCatalogDownloadDetail for inRootNick DemoGShContentRoot at 20200726204523
2020-Jul-26 20:45:23 PM [main] INFO  CommonLogger - CatalogDownloadDtlsHandler refreshCatalogDownloadDetailsMap start at 20200726204523
2020-Jul-26 20:45:23 PM [main] INFO  CommonLogger - CatalogDownloadDtlsHandler getCatalogDownLoadedFileName for inRootNick DemoGShContentRoot
2020-Jul-26 20:45:23 PM [main] INFO  CommonLogger - CatalogDownloadDtlsHandler getCatalogDownLoadedFileNameIfAvailable. rootNick : DemoGShContentRoot
2020-Jul-26 20:45:23 PM [main] INFO  CommonLogger - CatalogDownloadDtlsHandler refreshCatalogDownloadDetailsMap start at 20200726204523
2020-Jul-26 20:45:23 PM [main] INFO  CommonLogger - ContentDownloader downloadContentFilesForOneRoot Started at 20200726204523
2020-Jul-26 20:45:23 PM [main] INFO  CommonLogger - At Commons isInternetAvailable about to check via http://www.google.com
2020-Jul-26 20:45:23 PM [main] INFO  CommonLogger - At commons isInternetAvailable able to connect to http://www.google.com
2020-Jul-26 20:45:23 PM [main] INFO  CommonLogger - CatalogDownloader start of downloadCatalog root :DemoGShContentRoot at 20200726204523
2020-Jul-26 20:45:23 PM [main] INFO  CommonLogger - CatalogDownloadDtlsHandler refreshCatalogDownloadDetailsMap start at 20200726204523
2020-Jul-26 20:45:23 PM [main] INFO  CommonLogger - CatalogDownloadDtlsHandler refreshCatalogDownloadDetailsMap start at 20200726204523
2020-Jul-26 20:45:23 PM [main] INFO  CommonLogger - CatalogDownloadDtlsHandler refreshCatalogDownloadDetailsMap start at 20200726204523
2020-Jul-26 20:45:23 PM [main] INFO  CommonLogger - CatalogDownloadDtlsHandler getCatalogDownLoadedFileName for inRootNick DemoGShContentRoot
2020-Jul-26 20:45:23 PM [main] INFO  CommonLogger - CatalogDownloadDtlsHandler getCatalogDownLoadedFileNameIfAvailable. rootNick : DemoGShContentRoot
2020-Jul-26 20:45:23 PM [main] INFO  CommonLogger - CatalogDownloadDtlsHandler refreshCatalogDownloadDetailsMap start at 20200726204523
2020-Jul-26 20:45:23 PM [main] INFO  CommonLogger - ContentDownloader downloadContentFilesForOneRoot Started at 20200726204523
2020-Jul-26 20:45:23 PM [main] INFO  CommonLogger - At Commons isInternetAvailable about to check via http://www.google.com
2020-Jul-26 20:45:23 PM [main] INFO  CommonLogger - At commons isInternetAvailable able to connect to http://www.google.com
2020-Jul-26 20:45:23 PM [main] INFO  CommonLogger - CatalogDownloader start of downloadCatalog root :DemoGShContentRoot at 20200726204523
2020-Jul-26 20:45:23 PM [main] INFO  CommonLogger - CatalogDownloadDtlsHandler refreshCatalogDownloadDetailsMap start at 20200726204523
2020-Jul-26 20:45:23 PM [main] INFO  CommonLogger - CatalogDownloadDtlsHandler refreshCatalogDownloadDetailsMap start at 20200726204523
2020-Jul-26 20:45:23 PM [main] INFO  CommonLogger - CatalogDownloadDtlsHandler refreshCatalogDownloadDetailsMap start at 20200726204523
2020-Jul-26 20:45:23 PM [main] INFO  CommonLogger - CatalogDownloadDtlsHandler getCatalogDownLoadedFileName for inRootNick DemoGShContentRoot
2020-Jul-26 20:45:23 PM [main] INFO  CommonLogger - CatalogDownloadDtlsHandler getCatalogDownLoadedFileNameIfAvailable. rootNick : DemoGShContentRoot
2020-Jul-26 20:45:23 PM [main] INFO  CommonLogger - CatalogDownloadDtlsHandler refreshCatalogDownloadDetailsMap start at 20200726204523
2020-Jul-26 20:45:23 PM [main] INFO  CommonLogger - ContentDownloader downloadContentFilesForOneRoot Started at 20200726204523
2020-Jul-26 20:45:27 PM [main] INFO  CommonLogger - At Commons isInternetAvailable about to check via http://www.google.com
2020-Jul-26 20:45:27 PM [main] INFO  CommonLogger - At commons isInternetAvailable able to connect to http://www.google.com
2020-Jul-26 20:45:27 PM [main] INFO  CommonLogger - CatalogDownloader start of downloadCatalog root :DemoGShContentRoot at 20200726204527
2020-Jul-26 20:45:27 PM [main] INFO  CommonLogger - CatalogDownloadDtlsHandler refreshCatalogDownloadDetailsMap start at 20200726204527
2020-Jul-26 20:45:27 PM [main] INFO  CommonLogger - CatalogDownloadDtlsHandler refreshCatalogDownloadDetailsMap start at 20200726204527
2020-Jul-26 20:45:27 PM [main] INFO  CommonLogger - CatalogDownloadDtlsHandler refreshCatalogDownloadDetailsMap start at 20200726204527
2020-Jul-26 20:45:27 PM [main] INFO  CommonLogger - CatalogDownloadDtlsHandler getCatalogDownLoadedFileName for inRootNick DemoGShContentRoot
2020-Jul-26 20:45:27 PM [main] INFO  CommonLogger - CatalogDownloadDtlsHandler getCatalogDownLoadedFileNameIfAvailable. rootNick : DemoGShContentRoot
2020-Jul-26 20:45:27 PM [main] INFO  CommonLogger - CatalogDownloadDtlsHandler refreshCatalogDownloadDetailsMap start at 20200726204527
2020-Jul-26 20:45:27 PM [main] INFO  CommonLogger - ContentDownloader downloadContentFilesForOneRoot Started at 20200726204527
2020-Jul-26 20:45:27 PM [main] INFO  CommonLogger - At Commons isInternetAvailable about to check via http://www.google.com
2020-Jul-26 20:45:27 PM [main] INFO  CommonLogger - At commons isInternetAvailable able to connect to http://www.google.com
2020-Jul-26 20:45:27 PM [main] INFO  CommonLogger - CatalogDownloader start of downloadCatalog root :DemoGShContentRoot at 20200726204527
2020-Jul-26 20:45:27 PM [main] INFO  CommonLogger - CatalogDownloadDtlsHandler refreshCatalogDownloadDetailsMap start at 20200726204527
2020-Jul-26 20:45:27 PM [main] INFO  CommonLogger - CatalogDownloadDtlsHandler refreshCatalogDownloadDetailsMap start at 20200726204527
2020-Jul-26 20:45:27 PM [main] INFO  CommonLogger - CatalogDownloadDtlsHandler refreshCatalogDownloadDetailsMap start at 20200726204527
2020-Jul-26 20:45:27 PM [main] INFO  CommonLogger - CatalogDownloadDtlsHandler getCatalogDownLoadedFileName for inRootNick DemoGShContentRoot
2020-Jul-26 20:45:27 PM [main] INFO  CommonLogger - CatalogDownloadDtlsHandler getCatalogDownLoadedFileNameIfAvailable. rootNick : DemoGShContentRoot
2020-Jul-26 20:45:27 PM [main] INFO  CommonLogger - CatalogDownloadDtlsHandler refreshCatalogDownloadDetailsMap start at 20200726204527
2020-Jul-26 20:45:27 PM [main] INFO  CommonLogger - ContentDownloader downloadContentFilesForOneRoot Started at 20200726204527
2020-Jul-26 20:45:27 PM [main] INFO  CommonLogger - At Commons isInternetAvailable about to check via http://www.google.com
2020-Jul-26 20:45:27 PM [main] INFO  CommonLogger - At commons isInternetAvailable able to connect to http://www.google.com
2020-Jul-26 20:45:27 PM [main] INFO  CommonLogger - CatalogDownloader start of downloadCatalog root :DemoGShContentRoot at 20200726204527
2020-Jul-26 20:45:27 PM [main] INFO  CommonLogger - CatalogDownloadDtlsHandler refreshCatalogDownloadDetailsMap start at 20200726204527
2020-Jul-26 20:45:27 PM [main] INFO  CommonLogger - CatalogDownloadDtlsHandler refreshCatalogDownloadDetailsMap start at 20200726204527
2020-Jul-26 20:45:27 PM [main] INFO  CommonLogger - CatalogDownloadDtlsHandler refreshCatalogDownloadDetailsMap start at 20200726204527
2020-Jul-26 20:45:27 PM [main] INFO  CommonLogger - CatalogDownloadDtlsHandler getCatalogDownLoadedFileName for inRootNick DemoGShContentRoot
2020-Jul-26 20:45:27 PM [main] INFO  CommonLogger - CatalogDownloadDtlsHandler getCatalogDownLoadedFileNameIfAvailable. rootNick : DemoGShContentRoot
2020-Jul-26 20:45:27 PM [main] INFO  CommonLogger - CatalogDownloadDtlsHandler refreshCatalogDownloadDetailsMap start at 20200726204527
2020-Jul-26 20:45:27 PM [main] INFO  CommonLogger - ContentDownloader downloadContentFilesForOneRoot Started at 20200726204527
2020-Jul-26 20:45:27 PM [main] INFO  CommonLogger - At Commons isInternetAvailable about to check via http://www.google.com
2020-Jul-26 20:45:28 PM [main] INFO  CommonLogger - At commons isInternetAvailable able to connect to http://www.google.com
2020-Jul-26 20:45:28 PM [main] INFO  CommonLogger - CatalogDownloader start of downloadCatalog root :DemoGShContentRoot at 20200726204528
2020-Jul-26 20:45:28 PM [main] INFO  CommonLogger - CatalogDownloadDtlsHandler refreshCatalogDownloadDetailsMap start at 20200726204528
2020-Jul-26 20:45:28 PM [main] INFO  CommonLogger - CatalogDownloadDtlsHandler refreshCatalogDownloadDetailsMap start at 20200726204528
2020-Jul-26 20:45:28 PM [main] INFO  CommonLogger - CatalogDownloadDtlsHandler refreshCatalogDownloadDetailsMap start at 20200726204528
2020-Jul-26 20:45:28 PM [main] INFO  CommonLogger - CatalogDownloadDtlsHandler getCatalogDownLoadedFileNameIfAvailable. rootNick : DemoGShContentRoot
2020-Jul-26 20:45:28 PM [main] INFO  CommonLogger - CatalogDownloadDtlsHandler refreshCatalogDownloadDetailsMap start at 20200726204528
2020-Jul-26 20:45:28 PM [main] INFO  CommonLogger - CatalogDownloadDtlsHandler refreshCatalogDownloadDetailsMap start at 20200726204528
2020-Jul-26 20:45:28 PM [main] INFO  CommonLogger - CatalogDownloadDtlsHandler updateCatalogDownloadDetail for inRootNick DemoGShContentRoot at 20200726204528
2020-Jul-26 20:45:28 PM [main] INFO  CommonLogger - CatalogDownloadDtlsHandler refreshCatalogDownloadDetailsMap start at 20200726204528
2020-Jul-26 20:45:28 PM [main] INFO  CommonLogger - CatalogDownloadDtlsHandler getCatalogDownLoadedFileName for inRootNick DemoGShContentRoot
2020-Jul-26 20:45:28 PM [main] INFO  CommonLogger - CatalogDownloadDtlsHandler getCatalogDownLoadedFileNameIfAvailable. rootNick : DemoGShContentRoot
2020-Jul-26 20:45:28 PM [main] INFO  CommonLogger - CatalogDownloadDtlsHandler refreshCatalogDownloadDetailsMap start at 20200726204528
2020-Jul-26 20:45:28 PM [main] INFO  CommonLogger - ContentDownloader downloadContentFilesForOneRoot Started at 20200726204528
2020-Jul-26 20:45:28 PM [main] INFO  CommonLogger - At Commons isInternetAvailable about to check via http://www.google.com
2020-Jul-26 20:45:28 PM [main] INFO  CommonLogger - At commons isInternetAvailable able to connect to http://www.google.com
2020-Jul-26 20:45:28 PM [main] INFO  CommonLogger - CatalogDownloader start of downloadCatalog root :DemoGShContentRoot at 20200726204528
2020-Jul-26 20:45:28 PM [main] INFO  CommonLogger - CatalogDownloadDtlsHandler refreshCatalogDownloadDetailsMap start at 20200726204528
2020-Jul-26 20:45:28 PM [main] INFO  CommonLogger - CatalogDownloadDtlsHandler refreshCatalogDownloadDetailsMap start at 20200726204528
2020-Jul-26 20:45:28 PM [main] INFO  CommonLogger - CatalogDownloadDtlsHandler refreshCatalogDownloadDetailsMap start at 20200726204528
2020-Jul-26 20:45:28 PM [main] INFO  CommonLogger - CatalogDownloadDtlsHandler getCatalogDownLoadedFileName for inRootNick DemoGShContentRoot
2020-Jul-26 20:45:28 PM [main] INFO  CommonLogger - CatalogDownloadDtlsHandler getCatalogDownLoadedFileNameIfAvailable. rootNick : DemoGShContentRoot
2020-Jul-26 20:45:28 PM [main] INFO  CommonLogger - CatalogDownloadDtlsHandler refreshCatalogDownloadDetailsMap start at 20200726204528
2020-Jul-26 20:45:28 PM [main] INFO  CommonLogger - ContentDownloader downloadContentFilesForOneRoot Started at 20200726204528
2020-Jul-26 20:45:28 PM [main] INFO  CommonLogger - At Commons isInternetAvailable about to check via http://www.google.com
2020-Jul-26 20:45:28 PM [main] INFO  CommonLogger - At commons isInternetAvailable able to connect to http://www.google.com
2020-Jul-26 20:45:28 PM [main] INFO  CommonLogger - CatalogDownloader start of downloadCatalog root :DemoGShContentRoot at 20200726204528
2020-Jul-26 20:45:28 PM [main] INFO  CommonLogger - CatalogDownloadDtlsHandler refreshCatalogDownloadDetailsMap start at 20200726204528
2020-Jul-26 20:45:28 PM [main] INFO  CommonLogger - CatalogDownloadDtlsHandler refreshCatalogDownloadDetailsMap start at 20200726204528
2020-Jul-26 20:45:28 PM [main] INFO  CommonLogger - CatalogDownloadDtlsHandler refreshCatalogDownloadDetailsMap start at 20200726204528
2020-Jul-26 20:45:28 PM [main] INFO  CommonLogger - CatalogDownloadDtlsHandler getCatalogDownLoadedFileName for inRootNick DemoGShContentRoot
2020-Jul-26 20:45:28 PM [main] INFO  CommonLogger - CatalogDownloadDtlsHandler getCatalogDownLoadedFileNameIfAvailable. rootNick : DemoGShContentRoot
2020-Jul-26 20:45:28 PM [main] INFO  CommonLogger - CatalogDownloadDtlsHandler refreshCatalogDownloadDetailsMap start at 20200726204528
2020-Jul-26 20:45:28 PM [main] INFO  CommonLogger - ContentDownloader downloadContentFilesForOneRoot Started at 20200726204528
2020-Jul-26 20:45:32 PM [main] INFO  CommonLogger - At Commons isInternetAvailable about to check via http://www.google.com
2020-Jul-26 20:45:32 PM [main] INFO  CommonLogger - At commons isInternetAvailable able to connect to http://www.google.com
2020-Jul-26 20:45:32 PM [main] INFO  CommonLogger - CatalogDownloader start of downloadCatalog root :DemoGShContentRoot at 20200726204532
2020-Jul-26 20:45:32 PM [main] INFO  CommonLogger - CatalogDownloadDtlsHandler refreshCatalogDownloadDetailsMap start at 20200726204532
2020-Jul-26 20:45:32 PM [main] INFO  CommonLogger - CatalogDownloadDtlsHandler refreshCatalogDownloadDetailsMap start at 20200726204532
2020-Jul-26 20:45:32 PM [main] INFO  CommonLogger - CatalogDownloadDtlsHandler refreshCatalogDownloadDetailsMap start at 20200726204532
2020-Jul-26 20:45:32 PM [main] INFO  CommonLogger - CatalogDownloadDtlsHandler getCatalogDownLoadedFileName for inRootNick DemoGShContentRoot
2020-Jul-26 20:45:32 PM [main] INFO  CommonLogger - CatalogDownloadDtlsHandler getCatalogDownLoadedFileNameIfAvailable. rootNick : DemoGShContentRoot
2020-Jul-26 20:45:32 PM [main] INFO  CommonLogger - CatalogDownloadDtlsHandler refreshCatalogDownloadDetailsMap start at 20200726204532
2020-Jul-26 20:45:32 PM [main] INFO  CommonLogger - ContentDownloader downloadContentFilesForOneRoot Started at 20200726204532
2020-Jul-26 20:45:32 PM [main] INFO  CommonLogger - At Commons isInternetAvailable about to check via http://www.google.com
2020-Jul-26 20:45:32 PM [main] INFO  CommonLogger - At commons isInternetAvailable able to connect to http://www.google.com
2020-Jul-26 20:45:32 PM [main] INFO  CommonLogger - CatalogDownloader start of downloadCatalog root :DemoGShContentRoot at 20200726204532
2020-Jul-26 20:45:32 PM [main] INFO  CommonLogger - CatalogDownloadDtlsHandler refreshCatalogDownloadDetailsMap start at 20200726204532
2020-Jul-26 20:45:32 PM [main] INFO  CommonLogger - CatalogDownloadDtlsHandler refreshCatalogDownloadDetailsMap start at 20200726204532
2020-Jul-26 20:45:32 PM [main] INFO  CommonLogger - CatalogDownloadDtlsHandler refreshCatalogDownloadDetailsMap start at 20200726204532
2020-Jul-26 20:45:32 PM [main] INFO  CommonLogger - CatalogDownloadDtlsHandler getCatalogDownLoadedFileName for inRootNick DemoGShContentRoot
2020-Jul-26 20:45:32 PM [main] INFO  CommonLogger - CatalogDownloadDtlsHandler getCatalogDownLoadedFileNameIfAvailable. rootNick : DemoGShContentRoot
2020-Jul-26 20:45:32 PM [main] INFO  CommonLogger - CatalogDownloadDtlsHandler refreshCatalogDownloadDetailsMap start at 20200726204532
2020-Jul-26 20:45:32 PM [main] INFO  CommonLogger - ContentDownloader downloadContentFilesForOneRoot Started at 20200726204532
2020-Jul-26 20:45:32 PM [main] INFO  CommonLogger - At Commons isInternetAvailable about to check via http://www.google.com
2020-Jul-26 20:45:32 PM [main] INFO  CommonLogger - At commons isInternetAvailable able to connect to http://www.google.com
2020-Jul-26 20:45:32 PM [main] INFO  CommonLogger - CatalogDownloader start of downloadCatalog root :DemoGShContentRoot at 20200726204532
2020-Jul-26 20:45:32 PM [main] INFO  CommonLogger - CatalogDownloadDtlsHandler refreshCatalogDownloadDetailsMap start at 20200726204532
2020-Jul-26 20:45:32 PM [main] INFO  CommonLogger - CatalogDownloadDtlsHandler refreshCatalogDownloadDetailsMap start at 20200726204532
2020-Jul-26 20:45:32 PM [main] INFO  CommonLogger - CatalogDownloadDtlsHandler refreshCatalogDownloadDetailsMap start at 20200726204532
2020-Jul-26 20:45:32 PM [main] INFO  CommonLogger - CatalogDownloadDtlsHandler getCatalogDownLoadedFileName for inRootNick DemoGShContentRoot
2020-Jul-26 20:45:32 PM [main] INFO  CommonLogger - CatalogDownloadDtlsHandler getCatalogDownLoadedFileNameIfAvailable. rootNick : DemoGShContentRoot
2020-Jul-26 20:45:32 PM [main] INFO  CommonLogger - CatalogDownloadDtlsHandler refreshCatalogDownloadDetailsMap start at 20200726204532
2020-Jul-26 20:45:32 PM [main] INFO  CommonLogger - ContentDownloader downloadContentFilesForOneRoot Started at 20200726204532
2020-Jul-26 20:45:32 PM [main] INFO  CommonLogger - At Commons isInternetAvailable about to check via http://www.google.com
2020-Jul-26 20:45:33 PM [main] INFO  CommonLogger - At commons isInternetAvailable able to connect to http://www.google.com
2020-Jul-26 20:45:33 PM [main] INFO  CommonLogger - CatalogDownloader start of downloadCatalog root :DemoGShContentRoot at 20200726204533
2020-Jul-26 20:45:33 PM [main] INFO  CommonLogger - CatalogDownloadDtlsHandler refreshCatalogDownloadDetailsMap start at 20200726204533
2020-Jul-26 20:45:33 PM [main] INFO  CommonLogger - CatalogDownloadDtlsHandler refreshCatalogDownloadDetailsMap start at 20200726204533
2020-Jul-26 20:45:33 PM [main] INFO  CommonLogger - CatalogDownloadDtlsHandler refreshCatalogDownloadDetailsMap start at 20200726204533
2020-Jul-26 20:45:33 PM [main] INFO  CommonLogger - CatalogDownloadDtlsHandler getCatalogDownLoadedFileNameIfAvailable. rootNick : DemoGShContentRoot
2020-Jul-26 20:45:33 PM [main] INFO  CommonLogger - CatalogDownloadDtlsHandler refreshCatalogDownloadDetailsMap start at 20200726204533
2020-Jul-26 20:45:33 PM [main] INFO  CommonLogger - CatalogDownloadDtlsHandler refreshCatalogDownloadDetailsMap start at 20200726204533
2020-Jul-26 20:45:33 PM [main] INFO  CommonLogger - CatalogDownloadDtlsHandler updateCatalogDownloadDetail for inRootNick DemoGShContentRoot at 20200726204533
2020-Jul-26 20:45:33 PM [main] INFO  CommonLogger - CatalogDownloadDtlsHandler refreshCatalogDownloadDetailsMap start at 20200726204533
2020-Jul-26 20:45:33 PM [main] INFO  CommonLogger - CatalogDownloadDtlsHandler getCatalogDownLoadedFileName for inRootNick DemoGShContentRoot
2020-Jul-26 20:45:33 PM [main] INFO  CommonLogger - CatalogDownloadDtlsHandler getCatalogDownLoadedFileNameIfAvailable. rootNick : DemoGShContentRoot
2020-Jul-26 20:45:33 PM [main] INFO  CommonLogger - CatalogDownloadDtlsHandler refreshCatalogDownloadDetailsMap start at 20200726204533
2020-Jul-26 20:45:33 PM [main] INFO  CommonLogger - ContentDownloader downloadContentFilesForOneRoot Started at 20200726204533
2020-Jul-26 20:45:33 PM [main] INFO  CommonLogger - At Commons isInternetAvailable about to check via http://www.google.com
2020-Jul-26 20:45:33 PM [main] INFO  CommonLogger - At commons isInternetAvailable able to connect to http://www.google.com
2020-Jul-26 20:45:33 PM [main] INFO  CommonLogger - CatalogDownloader start of downloadCatalog root :DemoGShContentRoot at 20200726204533
2020-Jul-26 20:45:33 PM [main] INFO  CommonLogger - CatalogDownloadDtlsHandler refreshCatalogDownloadDetailsMap start at 20200726204533
2020-Jul-26 20:45:33 PM [main] INFO  CommonLogger - CatalogDownloadDtlsHandler refreshCatalogDownloadDetailsMap start at 20200726204533
2020-Jul-26 20:45:33 PM [main] INFO  CommonLogger - CatalogDownloadDtlsHandler refreshCatalogDownloadDetailsMap start at 20200726204533
2020-Jul-26 20:45:33 PM [main] INFO  CommonLogger - CatalogDownloadDtlsHandler getCatalogDownLoadedFileName for inRootNick DemoGShContentRoot
2020-Jul-26 20:45:33 PM [main] INFO  CommonLogger - CatalogDownloadDtlsHandler getCatalogDownLoadedFileNameIfAvailable. rootNick : DemoGShContentRoot
2020-Jul-26 20:45:33 PM [main] INFO  CommonLogger - CatalogDownloadDtlsHandler refreshCatalogDownloadDetailsMap start at 20200726204533
2020-Jul-26 20:45:33 PM [main] INFO  CommonLogger - ContentDownloader downloadContentFilesForOneRoot Started at 20200726204533
2020-Jul-26 20:45:33 PM [main] INFO  CommonLogger - At Commons isInternetAvailable about to check via http://www.google.com
2020-Jul-26 20:45:33 PM [main] INFO  CommonLogger - At commons isInternetAvailable able to connect to http://www.google.com
2020-Jul-26 20:45:33 PM [main] INFO  CommonLogger - CatalogDownloader start of downloadCatalog root :DemoGShContentRoot at 20200726204533
2020-Jul-26 20:45:33 PM [main] INFO  CommonLogger - CatalogDownloadDtlsHandler refreshCatalogDownloadDetailsMap start at 20200726204533
2020-Jul-26 20:45:33 PM [main] INFO  CommonLogger - CatalogDownloadDtlsHandler refreshCatalogDownloadDetailsMap start at 20200726204533
2020-Jul-26 20:45:33 PM [main] INFO  CommonLogger - CatalogDownloadDtlsHandler refreshCatalogDownloadDetailsMap start at 20200726204533
2020-Jul-26 20:45:33 PM [main] INFO  CommonLogger - CatalogDownloadDtlsHandler getCatalogDownLoadedFileName for inRootNick DemoGShContentRoot
2020-Jul-26 20:45:33 PM [main] INFO  CommonLogger - CatalogDownloadDtlsHandler getCatalogDownLoadedFileNameIfAvailable. rootNick : DemoGShContentRoot
2020-Jul-26 20:45:33 PM [main] INFO  CommonLogger - CatalogDownloadDtlsHandler refreshCatalogDownloadDetailsMap start at 20200726204533
2020-Jul-26 20:45:33 PM [main] INFO  CommonLogger - ContentDownloader downloadContentFilesForOneRoot Started at 20200726204533
2020-Jul-26 20:45:37 PM [main] INFO  CommonLogger - At Commons isInternetAvailable about to check via http://www.google.com
2020-Jul-26 20:45:37 PM [main] INFO  CommonLogger - At commons isInternetAvailable able to connect to http://www.google.com
2020-Jul-26 20:45:37 PM [main] INFO  CommonLogger - CatalogDownloader start of downloadCatalog root :DemoGShContentRoot at 20200726204537
2020-Jul-26 20:45:37 PM [main] INFO  CommonLogger - CatalogDownloadDtlsHandler refreshCatalogDownloadDetailsMap start at 20200726204537
2020-Jul-26 20:45:37 PM [main] INFO  CommonLogger - CatalogDownloadDtlsHandler refreshCatalogDownloadDetailsMap start at 20200726204537
2020-Jul-26 20:45:37 PM [main] INFO  CommonLogger - CatalogDownloadDtlsHandler refreshCatalogDownloadDetailsMap start at 20200726204537
2020-Jul-26 20:45:37 PM [main] INFO  CommonLogger - CatalogDownloadDtlsHandler getCatalogDownLoadedFileName for inRootNick DemoGShContentRoot
2020-Jul-26 20:45:37 PM [main] INFO  CommonLogger - CatalogDownloadDtlsHandler getCatalogDownLoadedFileNameIfAvailable. rootNick : DemoGShContentRoot
2020-Jul-26 20:45:37 PM [main] INFO  CommonLogger - CatalogDownloadDtlsHandler refreshCatalogDownloadDetailsMap start at 20200726204537
2020-Jul-26 20:45:37 PM [main] INFO  CommonLogger - ContentDownloader downloadContentFilesForOneRoot Started at 20200726204537
2020-Jul-26 20:45:37 PM [main] INFO  CommonLogger - At Commons isInternetAvailable about to check via http://www.google.com
2020-Jul-26 20:45:37 PM [main] INFO  CommonLogger - At commons isInternetAvailable able to connect to http://www.google.com
2020-Jul-26 20:45:37 PM [main] INFO  CommonLogger - CatalogDownloader start of downloadCatalog root :DemoGShContentRoot at 20200726204537
2020-Jul-26 20:45:37 PM [main] INFO  CommonLogger - CatalogDownloadDtlsHandler refreshCatalogDownloadDetailsMap start at 20200726204537
2020-Jul-26 20:45:37 PM [main] INFO  CommonLogger - CatalogDownloadDtlsHandler refreshCatalogDownloadDetailsMap start at 20200726204537
2020-Jul-26 20:45:37 PM [main] INFO  CommonLogger - CatalogDownloadDtlsHandler refreshCatalogDownloadDetailsMap start at 20200726204537
2020-Jul-26 20:45:37 PM [main] INFO  CommonLogger - CatalogDownloadDtlsHandler getCatalogDownLoadedFileName for inRootNick DemoGShContentRoot
2020-Jul-26 20:45:37 PM [main] INFO  CommonLogger - CatalogDownloadDtlsHandler getCatalogDownLoadedFileNameIfAvailable. rootNick : DemoGShContentRoot
2020-Jul-26 20:45:37 PM [main] INFO  CommonLogger - CatalogDownloadDtlsHandler refreshCatalogDownloadDetailsMap start at 20200726204537
2020-Jul-26 20:45:37 PM [main] INFO  CommonLogger - ContentDownloader downloadContentFilesForOneRoot Started at 20200726204537
2020-Jul-26 20:45:37 PM [main] INFO  CommonLogger - At Commons isInternetAvailable about to check via http://www.google.com
2020-Jul-26 20:45:38 PM [main] INFO  CommonLogger - At commons isInternetAvailable able to connect to http://www.google.com
2020-Jul-26 20:45:38 PM [main] INFO  CommonLogger - CatalogDownloader start of downloadCatalog root :DemoGShContentRoot at 20200726204538
2020-Jul-26 20:45:38 PM [main] INFO  CommonLogger - CatalogDownloadDtlsHandler refreshCatalogDownloadDetailsMap start at 20200726204538
2020-Jul-26 20:45:38 PM [main] INFO  CommonLogger - CatalogDownloadDtlsHandler refreshCatalogDownloadDetailsMap start at 20200726204538
2020-Jul-26 20:45:38 PM [main] INFO  CommonLogger - CatalogDownloadDtlsHandler refreshCatalogDownloadDetailsMap start at 20200726204538
2020-Jul-26 20:45:38 PM [main] INFO  CommonLogger - CatalogDownloadDtlsHandler getCatalogDownLoadedFileNameIfAvailable. rootNick : DemoGShContentRoot
2020-Jul-26 20:45:38 PM [main] INFO  CommonLogger - CatalogDownloadDtlsHandler refreshCatalogDownloadDetailsMap start at 20200726204538
2020-Jul-26 20:45:38 PM [main] INFO  CommonLogger - CatalogDownloadDtlsHandler refreshCatalogDownloadDetailsMap start at 20200726204538
2020-Jul-26 20:45:38 PM [main] INFO  CommonLogger - CatalogDownloadDtlsHandler updateCatalogDownloadDetail for inRootNick DemoGShContentRoot at 20200726204538
2020-Jul-26 20:45:38 PM [main] INFO  CommonLogger - CatalogDownloadDtlsHandler refreshCatalogDownloadDetailsMap start at 20200726204538
2020-Jul-26 20:45:38 PM [main] INFO  CommonLogger - CatalogDownloadDtlsHandler getCatalogDownLoadedFileName for inRootNick DemoGShContentRoot
2020-Jul-26 20:45:38 PM [main] INFO  CommonLogger - CatalogDownloadDtlsHandler getCatalogDownLoadedFileNameIfAvailable. rootNick : DemoGShContentRoot
2020-Jul-26 20:45:38 PM [main] INFO  CommonLogger - CatalogDownloadDtlsHandler refreshCatalogDownloadDetailsMap start at 20200726204538
2020-Jul-26 20:45:38 PM [main] INFO  CommonLogger - ContentDownloader downloadContentFilesForOneRoot Started at 20200726204538
2020-Jul-26 20:45:38 PM [main] INFO  CommonLogger - At Commons isInternetAvailable about to check via http://www.google.com
2020-Jul-26 20:45:38 PM [main] INFO  CommonLogger - At commons isInternetAvailable able to connect to http://www.google.com
2020-Jul-26 20:45:38 PM [main] INFO  CommonLogger - CatalogDownloader start of downloadCatalog root :DemoGShContentRoot at 20200726204538
2020-Jul-26 20:45:38 PM [main] INFO  CommonLogger - CatalogDownloadDtlsHandler refreshCatalogDownloadDetailsMap start at 20200726204538
2020-Jul-26 20:45:38 PM [main] INFO  CommonLogger - CatalogDownloadDtlsHandler refreshCatalogDownloadDetailsMap start at 20200726204538
2020-Jul-26 20:45:38 PM [main] INFO  CommonLogger - CatalogDownloadDtlsHandler refreshCatalogDownloadDetailsMap start at 20200726204538
2020-Jul-26 20:45:38 PM [main] INFO  CommonLogger - CatalogDownloadDtlsHandler getCatalogDownLoadedFileName for inRootNick DemoGShContentRoot
2020-Jul-26 20:45:38 PM [main] INFO  CommonLogger - CatalogDownloadDtlsHandler getCatalogDownLoadedFileNameIfAvailable. rootNick : DemoGShContentRoot
2020-Jul-26 20:45:38 PM [main] INFO  CommonLogger - CatalogDownloadDtlsHandler refreshCatalogDownloadDetailsMap start at 20200726204538
2020-Jul-26 20:45:38 PM [main] INFO  CommonLogger - ContentDownloader downloadContentFilesForOneRoot Started at 20200726204538
2020-Jul-26 20:45:38 PM [main] INFO  CommonLogger - At Commons isInternetAvailable about to check via http://www.google.com
2020-Jul-26 20:45:38 PM [main] INFO  CommonLogger - At commons isInternetAvailable able to connect to http://www.google.com
2020-Jul-26 20:45:38 PM [main] INFO  CommonLogger - CatalogDownloader start of downloadCatalog root :DemoGShContentRoot at 20200726204538
2020-Jul-26 20:45:38 PM [main] INFO  CommonLogger - CatalogDownloadDtlsHandler refreshCatalogDownloadDetailsMap start at 20200726204538
2020-Jul-26 20:45:38 PM [main] INFO  CommonLogger - CatalogDownloadDtlsHandler refreshCatalogDownloadDetailsMap start at 20200726204538
2020-Jul-26 20:45:38 PM [main] INFO  CommonLogger - CatalogDownloadDtlsHandler refreshCatalogDownloadDetailsMap start at 20200726204538
2020-Jul-26 20:45:38 PM [main] INFO  CommonLogger - CatalogDownloadDtlsHandler getCatalogDownLoadedFileName for inRootNick DemoGShContentRoot
2020-Jul-26 20:45:38 PM [main] INFO  CommonLogger - CatalogDownloadDtlsHandler getCatalogDownLoadedFileNameIfAvailable. rootNick : DemoGShContentRoot
2020-Jul-26 20:45:38 PM [main] INFO  CommonLogger - CatalogDownloadDtlsHandler refreshCatalogDownloadDetailsMap start at 20200726204538
2020-Jul-26 20:45:38 PM [main] INFO  CommonLogger - ContentDownloader downloadContentFilesForOneRoot Started at 20200726204538
2020-Jul-26 20:45:38 PM [main] INFO  CommonLogger - At Commons isInternetAvailable about to check via http://www.google.com
2020-Jul-26 20:45:38 PM [main] INFO  CommonLogger - At commons isInternetAvailable able to connect to http://www.google.com
2020-Jul-26 20:45:38 PM [main] INFO  CommonLogger - CatalogDownloader start of downloadCatalog root :DemoGShContentRoot at 20200726204538
2020-Jul-26 20:45:38 PM [main] INFO  CommonLogger - CatalogDownloadDtlsHandler refreshCatalogDownloadDetailsMap start at 20200726204538
2020-Jul-26 20:45:38 PM [main] INFO  CommonLogger - CatalogDownloadDtlsHandler refreshCatalogDownloadDetailsMap start at 20200726204538
2020-Jul-26 20:45:38 PM [main] INFO  CommonLogger - CatalogDownloadDtlsHandler refreshCatalogDownloadDetailsMap start at 20200726204538
2020-Jul-26 20:45:38 PM [main] INFO  CommonLogger - CatalogDownloadDtlsHandler getCatalogDownLoadedFileName for inRootNick DemoGShContentRoot
2020-Jul-26 20:45:38 PM [main] INFO  CommonLogger - CatalogDownloadDtlsHandler getCatalogDownLoadedFileNameIfAvailable. rootNick : DemoGShContentRoot
2020-Jul-26 20:45:38 PM [main] INFO  CommonLogger - CatalogDownloadDtlsHandler refreshCatalogDownloadDetailsMap start at 20200726204538
2020-Jul-26 20:45:38 PM [main] INFO  CommonLogger - ContentDownloader downloadContentFilesForOneRoot Started at 20200726204538
2020-Jul-26 20:45:42 PM [main] INFO  CommonLogger - At Commons isInternetAvailable about to check via http://www.google.com
2020-Jul-26 20:45:42 PM [main] INFO  CommonLogger - At commons isInternetAvailable able to connect to http://www.google.com
2020-Jul-26 20:45:42 PM [main] INFO  CommonLogger - CatalogDownloader start of downloadCatalog root :DemoGShContentRoot at 20200726204542
2020-Jul-26 20:45:42 PM [main] INFO  CommonLogger - CatalogDownloadDtlsHandler refreshCatalogDownloadDetailsMap start at 20200726204542
2020-Jul-26 20:45:42 PM [main] INFO  CommonLogger - CatalogDownloadDtlsHandler refreshCatalogDownloadDetailsMap start at 20200726204542
2020-Jul-26 20:45:42 PM [main] INFO  CommonLogger - CatalogDownloadDtlsHandler refreshCatalogDownloadDetailsMap start at 20200726204542
2020-Jul-26 20:45:42 PM [main] INFO  CommonLogger - CatalogDownloadDtlsHandler getCatalogDownLoadedFileName for inRootNick DemoGShContentRoot
2020-Jul-26 20:45:42 PM [main] INFO  CommonLogger - CatalogDownloadDtlsHandler getCatalogDownLoadedFileNameIfAvailable. rootNick : DemoGShContentRoot
2020-Jul-26 20:45:42 PM [main] INFO  CommonLogger - CatalogDownloadDtlsHandler refreshCatalogDownloadDetailsMap start at 20200726204542
2020-Jul-26 20:45:42 PM [main] INFO  CommonLogger - ContentDownloader downloadContentFilesForOneRoot Started at 20200726204542
2020-Jul-26 20:45:42 PM [main] INFO  CommonLogger - At Commons isInternetAvailable about to check via http://www.google.com
2020-Jul-26 20:45:42 PM [main] INFO  CommonLogger - At commons isInternetAvailable able to connect to http://www.google.com
2020-Jul-26 20:45:42 PM [main] INFO  CommonLogger - CatalogDownloader start of downloadCatalog root :DemoGShContentRoot at 20200726204542
2020-Jul-26 20:45:42 PM [main] INFO  CommonLogger - CatalogDownloadDtlsHandler refreshCatalogDownloadDetailsMap start at 20200726204542
2020-Jul-26 20:45:42 PM [main] INFO  CommonLogger - CatalogDownloadDtlsHandler refreshCatalogDownloadDetailsMap start at 20200726204542
2020-Jul-26 20:45:42 PM [main] INFO  CommonLogger - CatalogDownloadDtlsHandler refreshCatalogDownloadDetailsMap start at 20200726204542
2020-Jul-26 20:45:42 PM [main] INFO  CommonLogger - CatalogDownloadDtlsHandler getCatalogDownLoadedFileName for inRootNick DemoGShContentRoot
2020-Jul-26 20:45:42 PM [main] INFO  CommonLogger - CatalogDownloadDtlsHandler getCatalogDownLoadedFileNameIfAvailable. rootNick : DemoGShContentRoot
2020-Jul-26 20:45:42 PM [main] INFO  CommonLogger - CatalogDownloadDtlsHandler refreshCatalogDownloadDetailsMap start at 20200726204542
2020-Jul-26 20:45:42 PM [main] INFO  CommonLogger - ContentDownloader downloadContentFilesForOneRoot Started at 20200726204542
2020-Jul-26 20:45:42 PM [main] INFO  CommonLogger - At Commons isInternetAvailable about to check via http://www.google.com
2020-Jul-26 20:45:42 PM [main] INFO  CommonLogger - At commons isInternetAvailable able to connect to http://www.google.com
2020-Jul-26 20:45:42 PM [main] INFO  CommonLogger - CatalogDownloader start of downloadCatalog root :DemoGShContentRoot at 20200726204542
2020-Jul-26 20:45:42 PM [main] INFO  CommonLogger - CatalogDownloadDtlsHandler refreshCatalogDownloadDetailsMap start at 20200726204542
2020-Jul-26 20:45:42 PM [main] INFO  CommonLogger - CatalogDownloadDtlsHandler refreshCatalogDownloadDetailsMap start at 20200726204542
2020-Jul-26 20:45:42 PM [main] INFO  CommonLogger - CatalogDownloadDtlsHandler refreshCatalogDownloadDetailsMap start at 20200726204542
2020-Jul-26 20:45:42 PM [main] INFO  CommonLogger - CatalogDownloadDtlsHandler getCatalogDownLoadedFileName for inRootNick DemoGShContentRoot
2020-Jul-26 20:45:42 PM [main] INFO  CommonLogger - CatalogDownloadDtlsHandler getCatalogDownLoadedFileNameIfAvailable. rootNick : DemoGShContentRoot
2020-Jul-26 20:45:42 PM [main] INFO  CommonLogger - CatalogDownloadDtlsHandler refreshCatalogDownloadDetailsMap start at 20200726204542
2020-Jul-26 20:45:42 PM [main] INFO  CommonLogger - ContentDownloader downloadContentFilesForOneRoot Started at 20200726204542
2020-Jul-26 20:45:42 PM [main] INFO  CommonLogger - At Commons isInternetAvailable about to check via http://www.google.com
2020-Jul-26 20:45:42 PM [main] INFO  CommonLogger - At commons isInternetAvailable able to connect to http://www.google.com
2020-Jul-26 20:45:42 PM [main] INFO  CommonLogger - CatalogDownloader start of downloadCatalog root :DemoGShContentRoot at 20200726204542
2020-Jul-26 20:45:42 PM [main] INFO  CommonLogger - CatalogDownloadDtlsHandler refreshCatalogDownloadDetailsMap start at 20200726204542
2020-Jul-26 20:45:42 PM [main] INFO  CommonLogger - CatalogDownloadDtlsHandler refreshCatalogDownloadDetailsMap start at 20200726204542
2020-Jul-26 20:45:42 PM [main] INFO  CommonLogger - CatalogDownloadDtlsHandler refreshCatalogDownloadDetailsMap start at 20200726204542
2020-Jul-26 20:45:42 PM [main] INFO  CommonLogger - CatalogDownloadDtlsHandler getCatalogDownLoadedFileName for inRootNick DemoGShContentRoot
2020-Jul-26 20:45:42 PM [main] INFO  CommonLogger - CatalogDownloadDtlsHandler getCatalogDownLoadedFileNameIfAvailable. rootNick : DemoGShContentRoot
2020-Jul-26 20:45:42 PM [main] INFO  CommonLogger - CatalogDownloadDtlsHandler refreshCatalogDownloadDetailsMap start at 20200726204542
2020-Jul-26 20:45:42 PM [main] INFO  CommonLogger - ContentDownloader downloadContentFilesForOneRoot Started at 20200726204542
2020-Jul-26 20:45:43 PM [main] INFO  CommonLogger - At Commons isInternetAvailable about to check via http://www.google.com
2020-Jul-26 20:45:43 PM [main] INFO  CommonLogger - At commons isInternetAvailable able to connect to http://www.google.com
2020-Jul-26 20:45:43 PM [main] INFO  CommonLogger - CatalogDownloader start of downloadCatalog root :DemoGShContentRoot at 20200726204543
2020-Jul-26 20:45:43 PM [main] INFO  CommonLogger - CatalogDownloadDtlsHandler refreshCatalogDownloadDetailsMap start at 20200726204543
2020-Jul-26 20:45:43 PM [main] INFO  CommonLogger - CatalogDownloadDtlsHandler refreshCatalogDownloadDetailsMap start at 20200726204543
2020-Jul-26 20:45:43 PM [main] INFO  CommonLogger - CatalogDownloadDtlsHandler refreshCatalogDownloadDetailsMap start at 20200726204543
2020-Jul-26 20:45:43 PM [main] INFO  CommonLogger - CatalogDownloadDtlsHandler getCatalogDownLoadedFileNameIfAvailable. rootNick : DemoGShContentRoot
2020-Jul-26 20:45:43 PM [main] INFO  CommonLogger - CatalogDownloadDtlsHandler refreshCatalogDownloadDetailsMap start at 20200726204543
2020-Jul-26 20:45:43 PM [main] INFO  CommonLogger - CatalogDownloadDtlsHandler refreshCatalogDownloadDetailsMap start at 20200726204543
2020-Jul-26 20:45:43 PM [main] INFO  CommonLogger - CatalogDownloadDtlsHandler updateCatalogDownloadDetail for inRootNick DemoGShContentRoot at 20200726204543
2020-Jul-26 20:45:43 PM [main] INFO  CommonLogger - CatalogDownloadDtlsHandler refreshCatalogDownloadDetailsMap start at 20200726204543
2020-Jul-26 20:45:43 PM [main] INFO  CommonLogger - CatalogDownloadDtlsHandler getCatalogDownLoadedFileName for inRootNick DemoGShContentRoot
2020-Jul-26 20:45:43 PM [main] INFO  CommonLogger - CatalogDownloadDtlsHandler getCatalogDownLoadedFileNameIfAvailable. rootNick : DemoGShContentRoot
2020-Jul-26 20:45:43 PM [main] INFO  CommonLogger - CatalogDownloadDtlsHandler refreshCatalogDownloadDetailsMap start at 20200726204543
2020-Jul-26 20:45:43 PM [main] INFO  CommonLogger - ContentDownloader downloadContentFilesForOneRoot Started at 20200726204543
2020-Jul-26 20:45:43 PM [main] INFO  CommonLogger - At Commons isInternetAvailable about to check via http://www.google.com
2020-Jul-26 20:45:43 PM [main] INFO  CommonLogger - At commons isInternetAvailable able to connect to http://www.google.com
2020-Jul-26 20:45:43 PM [main] INFO  CommonLogger - CatalogDownloader start of downloadCatalog root :DemoGShContentRoot at 20200726204543
2020-Jul-26 20:45:43 PM [main] INFO  CommonLogger - CatalogDownloadDtlsHandler refreshCatalogDownloadDetailsMap start at 20200726204543
2020-Jul-26 20:45:43 PM [main] INFO  CommonLogger - CatalogDownloadDtlsHandler refreshCatalogDownloadDetailsMap start at 20200726204543
2020-Jul-26 20:45:43 PM [main] INFO  CommonLogger - CatalogDownloadDtlsHandler refreshCatalogDownloadDetailsMap start at 20200726204543
2020-Jul-26 20:45:43 PM [main] INFO  CommonLogger - CatalogDownloadDtlsHandler getCatalogDownLoadedFileName for inRootNick DemoGShContentRoot
2020-Jul-26 20:45:43 PM [main] INFO  CommonLogger - CatalogDownloadDtlsHandler getCatalogDownLoadedFileNameIfAvailable. rootNick : DemoGShContentRoot
2020-Jul-26 20:45:43 PM [main] INFO  CommonLogger - CatalogDownloadDtlsHandler refreshCatalogDownloadDetailsMap start at 20200726204543
2020-Jul-26 20:45:43 PM [main] INFO  CommonLogger - ContentDownloader downloadContentFilesForOneRoot Started at 20200726204543
2020-Jul-26 20:45:47 PM [main] INFO  CommonLogger - At Commons isInternetAvailable about to check via http://www.google.com
2020-Jul-26 20:45:47 PM [main] INFO  CommonLogger - At commons isInternetAvailable able to connect to http://www.google.com
2020-Jul-26 20:45:47 PM [main] INFO  CommonLogger - CatalogDownloader start of downloadCatalog root :DemoGShContentRoot at 20200726204547
2020-Jul-26 20:45:47 PM [main] INFO  CommonLogger - CatalogDownloadDtlsHandler refreshCatalogDownloadDetailsMap start at 20200726204547
2020-Jul-26 20:45:47 PM [main] INFO  CommonLogger - CatalogDownloadDtlsHandler refreshCatalogDownloadDetailsMap start at 20200726204547
2020-Jul-26 20:45:47 PM [main] INFO  CommonLogger - CatalogDownloadDtlsHandler refreshCatalogDownloadDetailsMap start at 20200726204547
2020-Jul-26 20:45:47 PM [main] INFO  CommonLogger - CatalogDownloadDtlsHandler getCatalogDownLoadedFileName for inRootNick DemoGShContentRoot
2020-Jul-26 20:45:47 PM [main] INFO  CommonLogger - CatalogDownloadDtlsHandler getCatalogDownLoadedFileNameIfAvailable. rootNick : DemoGShContentRoot
2020-Jul-26 20:45:47 PM [main] INFO  CommonLogger - CatalogDownloadDtlsHandler refreshCatalogDownloadDetailsMap start at 20200726204547
2020-Jul-26 20:45:47 PM [main] INFO  CommonLogger - ContentDownloader downloadContentFilesForOneRoot Started at 20200726204547
2020-Jul-26 20:45:47 PM [main] INFO  CommonLogger - At Commons isInternetAvailable about to check via http://www.google.com
2020-Jul-26 20:45:47 PM [main] INFO  CommonLogger - At commons isInternetAvailable able to connect to http://www.google.com
2020-Jul-26 20:45:47 PM [main] INFO  CommonLogger - CatalogDownloader start of downloadCatalog root :DemoGShContentRoot at 20200726204547
2020-Jul-26 20:45:47 PM [main] INFO  CommonLogger - CatalogDownloadDtlsHandler refreshCatalogDownloadDetailsMap start at 20200726204547
2020-Jul-26 20:45:47 PM [main] INFO  CommonLogger - CatalogDownloadDtlsHandler refreshCatalogDownloadDetailsMap start at 20200726204547
2020-Jul-26 20:45:47 PM [main] INFO  CommonLogger - CatalogDownloadDtlsHandler refreshCatalogDownloadDetailsMap start at 20200726204547
2020-Jul-26 20:45:47 PM [main] INFO  CommonLogger - CatalogDownloadDtlsHandler getCatalogDownLoadedFileName for inRootNick DemoGShContentRoot
2020-Jul-26 20:45:47 PM [main] INFO  CommonLogger - CatalogDownloadDtlsHandler getCatalogDownLoadedFileNameIfAvailable. rootNick : DemoGShContentRoot
2020-Jul-26 20:45:47 PM [main] INFO  CommonLogger - CatalogDownloadDtlsHandler refreshCatalogDownloadDetailsMap start at 20200726204547
2020-Jul-26 20:45:47 PM [main] INFO  CommonLogger - ContentDownloader downloadContentFilesForOneRoot Started at 20200726204547
2020-Jul-26 20:45:47 PM [main] INFO  CommonLogger - At Commons isInternetAvailable about to check via http://www.google.com
2020-Jul-26 20:45:47 PM [main] INFO  CommonLogger - At commons isInternetAvailable able to connect to http://www.google.com
2020-Jul-26 20:45:47 PM [main] INFO  CommonLogger - CatalogDownloader start of downloadCatalog root :DemoGShContentRoot at 20200726204547
2020-Jul-26 20:45:47 PM [main] INFO  CommonLogger - CatalogDownloadDtlsHandler refreshCatalogDownloadDetailsMap start at 20200726204547
2020-Jul-26 20:45:47 PM [main] INFO  CommonLogger - CatalogDownloadDtlsHandler refreshCatalogDownloadDetailsMap start at 20200726204547
2020-Jul-26 20:45:47 PM [main] INFO  CommonLogger - CatalogDownloadDtlsHandler refreshCatalogDownloadDetailsMap start at 20200726204547
2020-Jul-26 20:45:47 PM [main] INFO  CommonLogger - CatalogDownloadDtlsHandler getCatalogDownLoadedFileName for inRootNick DemoGShContentRoot
2020-Jul-26 20:45:47 PM [main] INFO  CommonLogger - CatalogDownloadDtlsHandler getCatalogDownLoadedFileNameIfAvailable. rootNick : DemoGShContentRoot
2020-Jul-26 20:45:47 PM [main] INFO  CommonLogger - CatalogDownloadDtlsHandler refreshCatalogDownloadDetailsMap start at 20200726204547
2020-Jul-26 20:45:47 PM [main] INFO  CommonLogger - ContentDownloader downloadContentFilesForOneRoot Started at 20200726204547
2020-Jul-26 20:45:47 PM [main] INFO  CommonLogger - At Commons isInternetAvailable about to check via http://www.google.com
2020-Jul-26 20:45:48 PM [main] INFO  CommonLogger - At commons isInternetAvailable able to connect to http://www.google.com
2020-Jul-26 20:45:48 PM [main] INFO  CommonLogger - CatalogDownloader start of downloadCatalog root :DemoGShContentRoot at 20200726204548
2020-Jul-26 20:45:48 PM [main] INFO  CommonLogger - CatalogDownloadDtlsHandler refreshCatalogDownloadDetailsMap start at 20200726204548
2020-Jul-26 20:45:48 PM [main] INFO  CommonLogger - CatalogDownloadDtlsHandler refreshCatalogDownloadDetailsMap start at 20200726204548
2020-Jul-26 20:45:48 PM [main] INFO  CommonLogger - CatalogDownloadDtlsHandler refreshCatalogDownloadDetailsMap start at 20200726204548
2020-Jul-26 20:45:48 PM [main] INFO  CommonLogger - CatalogDownloadDtlsHandler getCatalogDownLoadedFileNameIfAvailable. rootNick : DemoGShContentRoot
2020-Jul-26 20:45:48 PM [main] INFO  CommonLogger - CatalogDownloadDtlsHandler refreshCatalogDownloadDetailsMap start at 20200726204548
2020-Jul-26 20:45:48 PM [main] INFO  CommonLogger - CatalogDownloadDtlsHandler refreshCatalogDownloadDetailsMap start at 20200726204548
2020-Jul-26 20:45:48 PM [main] INFO  CommonLogger - CatalogDownloadDtlsHandler updateCatalogDownloadDetail for inRootNick DemoGShContentRoot at 20200726204548
2020-Jul-26 20:45:48 PM [main] INFO  CommonLogger - CatalogDownloadDtlsHandler refreshCatalogDownloadDetailsMap start at 20200726204548
2020-Jul-26 20:45:48 PM [main] INFO  CommonLogger - CatalogDownloadDtlsHandler getCatalogDownLoadedFileName for inRootNick DemoGShContentRoot
2020-Jul-26 20:45:48 PM [main] INFO  CommonLogger - CatalogDownloadDtlsHandler getCatalogDownLoadedFileNameIfAvailable. rootNick : DemoGShContentRoot
2020-Jul-26 20:45:48 PM [main] INFO  CommonLogger - CatalogDownloadDtlsHandler refreshCatalogDownloadDetailsMap start at 20200726204548
2020-Jul-26 20:45:48 PM [main] INFO  CommonLogger - ContentDownloader downloadContentFilesForOneRoot Started at 20200726204548
2020-Jul-26 20:45:48 PM [main] INFO  CommonLogger - At Commons isInternetAvailable about to check via http://www.google.com
2020-Jul-26 20:45:48 PM [main] INFO  CommonLogger - At commons isInternetAvailable able to connect to http://www.google.com
2020-Jul-26 20:45:48 PM [main] INFO  CommonLogger - CatalogDownloader start of downloadCatalog root :DemoGShContentRoot at 20200726204548
2020-Jul-26 20:45:48 PM [main] INFO  CommonLogger - CatalogDownloadDtlsHandler refreshCatalogDownloadDetailsMap start at 20200726204548
2020-Jul-26 20:45:48 PM [main] INFO  CommonLogger - CatalogDownloadDtlsHandler refreshCatalogDownloadDetailsMap start at 20200726204548
2020-Jul-26 20:45:48 PM [main] INFO  CommonLogger - CatalogDownloadDtlsHandler refreshCatalogDownloadDetailsMap start at 20200726204548
2020-Jul-26 20:45:48 PM [main] INFO  CommonLogger - CatalogDownloadDtlsHandler getCatalogDownLoadedFileName for inRootNick DemoGShContentRoot
2020-Jul-26 20:45:48 PM [main] INFO  CommonLogger - CatalogDownloadDtlsHandler getCatalogDownLoadedFileNameIfAvailable. rootNick : DemoGShContentRoot
2020-Jul-26 20:45:48 PM [main] INFO  CommonLogger - CatalogDownloadDtlsHandler refreshCatalogDownloadDetailsMap start at 20200726204548
2020-Jul-26 20:45:48 PM [main] INFO  CommonLogger - ContentDownloader downloadContentFilesForOneRoot Started at 20200726204548
2020-Jul-26 20:45:48 PM [main] INFO  CommonLogger - At Commons isInternetAvailable about to check via http://www.google.com
2020-Jul-26 20:45:48 PM [main] INFO  CommonLogger - At commons isInternetAvailable able to connect to http://www.google.com
2020-Jul-26 20:45:48 PM [main] INFO  CommonLogger - CatalogDownloader start of downloadCatalog root :DemoGShContentRoot at 20200726204548
2020-Jul-26 20:45:48 PM [main] INFO  CommonLogger - CatalogDownloadDtlsHandler refreshCatalogDownloadDetailsMap start at 20200726204548
2020-Jul-26 20:45:48 PM [main] INFO  CommonLogger - CatalogDownloadDtlsHandler refreshCatalogDownloadDetailsMap start at 20200726204548
2020-Jul-26 20:45:48 PM [main] INFO  CommonLogger - CatalogDownloadDtlsHandler refreshCatalogDownloadDetailsMap start at 20200726204548
2020-Jul-26 20:45:48 PM [main] INFO  CommonLogger - CatalogDownloadDtlsHandler getCatalogDownLoadedFileName for inRootNick DemoGShContentRoot
2020-Jul-26 20:45:48 PM [main] INFO  CommonLogger - CatalogDownloadDtlsHandler getCatalogDownLoadedFileNameIfAvailable. rootNick : DemoGShContentRoot
2020-Jul-26 20:45:48 PM [main] INFO  CommonLogger - CatalogDownloadDtlsHandler refreshCatalogDownloadDetailsMap start at 20200726204548
2020-Jul-26 20:45:48 PM [main] INFO  CommonLogger - ContentDownloader downloadContentFilesForOneRoot Started at 20200726204548
2020-Jul-26 20:45:52 PM [main] INFO  CommonLogger - At Commons isInternetAvailable about to check via http://www.google.com
2020-Jul-26 20:45:52 PM [main] INFO  CommonLogger - At commons isInternetAvailable able to connect to http://www.google.com
2020-Jul-26 20:45:52 PM [main] INFO  CommonLogger - CatalogDownloader start of downloadCatalog root :DemoGShContentRoot at 20200726204552
2020-Jul-26 20:45:52 PM [main] INFO  CommonLogger - CatalogDownloadDtlsHandler refreshCatalogDownloadDetailsMap start at 20200726204552
2020-Jul-26 20:45:52 PM [main] INFO  CommonLogger - CatalogDownloadDtlsHandler refreshCatalogDownloadDetailsMap start at 20200726204552
2020-Jul-26 20:45:52 PM [main] INFO  CommonLogger - CatalogDownloadDtlsHandler refreshCatalogDownloadDetailsMap start at 20200726204552
2020-Jul-26 20:45:52 PM [main] INFO  CommonLogger - CatalogDownloadDtlsHandler getCatalogDownLoadedFileName for inRootNick DemoGShContentRoot
2020-Jul-26 20:45:52 PM [main] INFO  CommonLogger - CatalogDownloadDtlsHandler getCatalogDownLoadedFileNameIfAvailable. rootNick : DemoGShContentRoot
2020-Jul-26 20:45:52 PM [main] INFO  CommonLogger - CatalogDownloadDtlsHandler refreshCatalogDownloadDetailsMap start at 20200726204552
2020-Jul-26 20:45:52 PM [main] INFO  CommonLogger - ContentDownloader downloadContentFilesForOneRoot Started at 20200726204552
2020-Jul-26 20:45:52 PM [main] INFO  CommonLogger - At Commons isInternetAvailable about to check via http://www.google.com
2020-Jul-26 20:45:52 PM [main] INFO  CommonLogger - At commons isInternetAvailable able to connect to http://www.google.com
2020-Jul-26 20:45:52 PM [main] INFO  CommonLogger - CatalogDownloader start of downloadCatalog root :DemoGShContentRoot at 20200726204552
2020-Jul-26 20:45:52 PM [main] INFO  CommonLogger - CatalogDownloadDtlsHandler refreshCatalogDownloadDetailsMap start at 20200726204552
2020-Jul-26 20:45:52 PM [main] INFO  CommonLogger - CatalogDownloadDtlsHandler refreshCatalogDownloadDetailsMap start at 20200726204552
2020-Jul-26 20:45:52 PM [main] INFO  CommonLogger - CatalogDownloadDtlsHandler refreshCatalogDownloadDetailsMap start at 20200726204552
2020-Jul-26 20:45:52 PM [main] INFO  CommonLogger - CatalogDownloadDtlsHandler getCatalogDownLoadedFileName for inRootNick DemoGShContentRoot
2020-Jul-26 20:45:52 PM [main] INFO  CommonLogger - CatalogDownloadDtlsHandler getCatalogDownLoadedFileNameIfAvailable. rootNick : DemoGShContentRoot
2020-Jul-26 20:45:52 PM [main] INFO  CommonLogger - CatalogDownloadDtlsHandler refreshCatalogDownloadDetailsMap start at 20200726204552
2020-Jul-26 20:45:52 PM [main] INFO  CommonLogger - ContentDownloader downloadContentFilesForOneRoot Started at 20200726204552
2020-Jul-26 20:45:52 PM [main] INFO  CommonLogger - At Commons isInternetAvailable about to check via http://www.google.com
2020-Jul-26 20:45:52 PM [main] INFO  CommonLogger - At commons isInternetAvailable able to connect to http://www.google.com
2020-Jul-26 20:45:52 PM [main] INFO  CommonLogger - CatalogDownloader start of downloadCatalog root :DemoGShContentRoot at 20200726204552
2020-Jul-26 20:45:52 PM [main] INFO  CommonLogger - CatalogDownloadDtlsHandler refreshCatalogDownloadDetailsMap start at 20200726204552
2020-Jul-26 20:45:52 PM [main] INFO  CommonLogger - CatalogDownloadDtlsHandler refreshCatalogDownloadDetailsMap start at 20200726204552
2020-Jul-26 20:45:52 PM [main] INFO  CommonLogger - CatalogDownloadDtlsHandler refreshCatalogDownloadDetailsMap start at 20200726204552
2020-Jul-26 20:45:52 PM [main] INFO  CommonLogger - CatalogDownloadDtlsHandler getCatalogDownLoadedFileName for inRootNick DemoGShContentRoot
2020-Jul-26 20:45:52 PM [main] INFO  CommonLogger - CatalogDownloadDtlsHandler getCatalogDownLoadedFileNameIfAvailable. rootNick : DemoGShContentRoot
2020-Jul-26 20:45:52 PM [main] INFO  CommonLogger - CatalogDownloadDtlsHandler refreshCatalogDownloadDetailsMap start at 20200726204552
2020-Jul-26 20:45:52 PM [main] INFO  CommonLogger - ContentDownloader downloadContentFilesForOneRoot Started at 20200726204552
2020-Jul-26 20:45:52 PM [main] INFO  CommonLogger - At Commons isInternetAvailable about to check via http://www.google.com
2020-Jul-26 20:45:53 PM [main] INFO  CommonLogger - At commons isInternetAvailable able to connect to http://www.google.com
2020-Jul-26 20:45:53 PM [main] INFO  CommonLogger - CatalogDownloader start of downloadCatalog root :DemoGShContentRoot at 20200726204553
2020-Jul-26 20:45:53 PM [main] INFO  CommonLogger - CatalogDownloadDtlsHandler refreshCatalogDownloadDetailsMap start at 20200726204553
2020-Jul-26 20:45:53 PM [main] INFO  CommonLogger - CatalogDownloadDtlsHandler refreshCatalogDownloadDetailsMap start at 20200726204553
2020-Jul-26 20:45:53 PM [main] INFO  CommonLogger - CatalogDownloadDtlsHandler refreshCatalogDownloadDetailsMap start at 20200726204553
2020-Jul-26 20:45:53 PM [main] INFO  CommonLogger - CatalogDownloadDtlsHandler getCatalogDownLoadedFileNameIfAvailable. rootNick : DemoGShContentRoot
2020-Jul-26 20:45:53 PM [main] INFO  CommonLogger - CatalogDownloadDtlsHandler refreshCatalogDownloadDetailsMap start at 20200726204553
2020-Jul-26 20:45:53 PM [main] INFO  CommonLogger - CatalogDownloadDtlsHandler refreshCatalogDownloadDetailsMap start at 20200726204553
2020-Jul-26 20:45:53 PM [main] INFO  CommonLogger - CatalogDownloadDtlsHandler updateCatalogDownloadDetail for inRootNick DemoGShContentRoot at 20200726204553
2020-Jul-26 20:45:53 PM [main] INFO  CommonLogger - CatalogDownloadDtlsHandler refreshCatalogDownloadDetailsMap start at 20200726204553
2020-Jul-26 20:45:53 PM [main] INFO  CommonLogger - CatalogDownloadDtlsHandler getCatalogDownLoadedFileName for inRootNick DemoGShContentRoot
2020-Jul-26 20:45:53 PM [main] INFO  CommonLogger - CatalogDownloadDtlsHandler getCatalogDownLoadedFileNameIfAvailable. rootNick : DemoGShContentRoot
2020-Jul-26 20:45:53 PM [main] INFO  CommonLogger - CatalogDownloadDtlsHandler refreshCatalogDownloadDetailsMap start at 20200726204553
2020-Jul-26 20:45:53 PM [main] INFO  CommonLogger - ContentDownloader downloadContentFilesForOneRoot Started at 20200726204553
2020-Jul-26 20:45:53 PM [main] INFO  CommonLogger - At Commons isInternetAvailable about to check via http://www.google.com
2020-Jul-26 20:45:53 PM [main] INFO  CommonLogger - At commons isInternetAvailable able to connect to http://www.google.com
2020-Jul-26 20:45:53 PM [main] INFO  CommonLogger - CatalogDownloader start of downloadCatalog root :DemoGShContentRoot at 20200726204553
2020-Jul-26 20:45:53 PM [main] INFO  CommonLogger - CatalogDownloadDtlsHandler refreshCatalogDownloadDetailsMap start at 20200726204553
2020-Jul-26 20:45:53 PM [main] INFO  CommonLogger - CatalogDownloadDtlsHandler refreshCatalogDownloadDetailsMap start at 20200726204553
2020-Jul-26 20:45:53 PM [main] INFO  CommonLogger - CatalogDownloadDtlsHandler refreshCatalogDownloadDetailsMap start at 20200726204553
2020-Jul-26 20:45:53 PM [main] INFO  CommonLogger - CatalogDownloadDtlsHandler getCatalogDownLoadedFileName for inRootNick DemoGShContentRoot
2020-Jul-26 20:45:53 PM [main] INFO  CommonLogger - CatalogDownloadDtlsHandler getCatalogDownLoadedFileNameIfAvailable. rootNick : DemoGShContentRoot
2020-Jul-26 20:45:53 PM [main] INFO  CommonLogger - CatalogDownloadDtlsHandler refreshCatalogDownloadDetailsMap start at 20200726204553
2020-Jul-26 20:45:53 PM [main] INFO  CommonLogger - ContentDownloader downloadContentFilesForOneRoot Started at 20200726204553
2020-Jul-26 20:45:53 PM [main] INFO  CommonLogger - At Commons isInternetAvailable about to check via http://www.google.com
2020-Jul-26 20:45:53 PM [main] INFO  CommonLogger - At commons isInternetAvailable able to connect to http://www.google.com
2020-Jul-26 20:45:53 PM [main] INFO  CommonLogger - CatalogDownloader start of downloadCatalog root :DemoGShContentRoot at 20200726204553
2020-Jul-26 20:45:53 PM [main] INFO  CommonLogger - CatalogDownloadDtlsHandler refreshCatalogDownloadDetailsMap start at 20200726204553
2020-Jul-26 20:45:53 PM [main] INFO  CommonLogger - CatalogDownloadDtlsHandler refreshCatalogDownloadDetailsMap start at 20200726204553
2020-Jul-26 20:45:53 PM [main] INFO  CommonLogger - CatalogDownloadDtlsHandler refreshCatalogDownloadDetailsMap start at 20200726204553
2020-Jul-26 20:45:53 PM [main] INFO  CommonLogger - CatalogDownloadDtlsHandler getCatalogDownLoadedFileName for inRootNick DemoGShContentRoot
2020-Jul-26 20:45:53 PM [main] INFO  CommonLogger - CatalogDownloadDtlsHandler getCatalogDownLoadedFileNameIfAvailable. rootNick : DemoGShContentRoot
2020-Jul-26 20:45:53 PM [main] INFO  CommonLogger - CatalogDownloadDtlsHandler refreshCatalogDownloadDetailsMap start at 20200726204553
2020-Jul-26 20:45:53 PM [main] INFO  CommonLogger - ContentDownloader downloadContentFilesForOneRoot Started at 20200726204553
2020-Jul-26 20:45:57 PM [main] INFO  CommonLogger - At Commons isInternetAvailable about to check via http://www.google.com
2020-Jul-26 20:45:57 PM [main] INFO  CommonLogger - At commons isInternetAvailable able to connect to http://www.google.com
2020-Jul-26 20:45:57 PM [main] INFO  CommonLogger - CatalogDownloader start of downloadCatalog root :DemoGShContentRoot at 20200726204557
2020-Jul-26 20:45:57 PM [main] INFO  CommonLogger - CatalogDownloadDtlsHandler refreshCatalogDownloadDetailsMap start at 20200726204557
2020-Jul-26 20:45:57 PM [main] INFO  CommonLogger - CatalogDownloadDtlsHandler refreshCatalogDownloadDetailsMap start at 20200726204557
2020-Jul-26 20:45:57 PM [main] INFO  CommonLogger - CatalogDownloadDtlsHandler refreshCatalogDownloadDetailsMap start at 20200726204557
2020-Jul-26 20:45:57 PM [main] INFO  CommonLogger - CatalogDownloadDtlsHandler getCatalogDownLoadedFileName for inRootNick DemoGShContentRoot
2020-Jul-26 20:45:57 PM [main] INFO  CommonLogger - CatalogDownloadDtlsHandler getCatalogDownLoadedFileNameIfAvailable. rootNick : DemoGShContentRoot
2020-Jul-26 20:45:57 PM [main] INFO  CommonLogger - CatalogDownloadDtlsHandler refreshCatalogDownloadDetailsMap start at 20200726204557
2020-Jul-26 20:45:57 PM [main] INFO  CommonLogger - ContentDownloader downloadContentFilesForOneRoot Started at 20200726204557
2020-Jul-26 20:45:57 PM [main] INFO  CommonLogger - At Commons isInternetAvailable about to check via http://www.google.com
2020-Jul-26 20:45:57 PM [main] INFO  CommonLogger - At commons isInternetAvailable able to connect to http://www.google.com
2020-Jul-26 20:45:57 PM [main] INFO  CommonLogger - CatalogDownloader start of downloadCatalog root :DemoGShContentRoot at 20200726204557
2020-Jul-26 20:45:57 PM [main] INFO  CommonLogger - CatalogDownloadDtlsHandler refreshCatalogDownloadDetailsMap start at 20200726204557
2020-Jul-26 20:45:57 PM [main] INFO  CommonLogger - CatalogDownloadDtlsHandler refreshCatalogDownloadDetailsMap start at 20200726204557
2020-Jul-26 20:45:57 PM [main] INFO  CommonLogger - CatalogDownloadDtlsHandler refreshCatalogDownloadDetailsMap start at 20200726204557
2020-Jul-26 20:45:57 PM [main] INFO  CommonLogger - CatalogDownloadDtlsHandler getCatalogDownLoadedFileName for inRootNick DemoGShContentRoot
2020-Jul-26 20:45:57 PM [main] INFO  CommonLogger - CatalogDownloadDtlsHandler getCatalogDownLoadedFileNameIfAvailable. rootNick : DemoGShContentRoot
2020-Jul-26 20:45:57 PM [main] INFO  CommonLogger - CatalogDownloadDtlsHandler refreshCatalogDownloadDetailsMap start at 20200726204557
2020-Jul-26 20:45:57 PM [main] INFO  CommonLogger - ContentDownloader downloadContentFilesForOneRoot Started at 20200726204557
2020-Jul-26 20:45:57 PM [main] INFO  CommonLogger - At Commons isInternetAvailable about to check via http://www.google.com
2020-Jul-26 20:45:57 PM [main] INFO  CommonLogger - At commons isInternetAvailable able to connect to http://www.google.com
2020-Jul-26 20:45:57 PM [main] INFO  CommonLogger - CatalogDownloader start of downloadCatalog root :DemoGShContentRoot at 20200726204557
2020-Jul-26 20:45:57 PM [main] INFO  CommonLogger - CatalogDownloadDtlsHandler refreshCatalogDownloadDetailsMap start at 20200726204557
2020-Jul-26 20:45:57 PM [main] INFO  CommonLogger - CatalogDownloadDtlsHandler refreshCatalogDownloadDetailsMap start at 20200726204557
2020-Jul-26 20:45:57 PM [main] INFO  CommonLogger - CatalogDownloadDtlsHandler refreshCatalogDownloadDetailsMap start at 20200726204557
2020-Jul-26 20:45:57 PM [main] INFO  CommonLogger - CatalogDownloadDtlsHandler getCatalogDownLoadedFileName for inRootNick DemoGShContentRoot
2020-Jul-26 20:45:57 PM [main] INFO  CommonLogger - CatalogDownloadDtlsHandler getCatalogDownLoadedFileNameIfAvailable. rootNick : DemoGShContentRoot
2020-Jul-26 20:45:57 PM [main] INFO  CommonLogger - CatalogDownloadDtlsHandler refreshCatalogDownloadDetailsMap start at 20200726204557
2020-Jul-26 20:45:57 PM [main] INFO  CommonLogger - ContentDownloader downloadContentFilesForOneRoot Started at 20200726204557
2020-Jul-26 20:45:57 PM [main] INFO  CommonLogger - At Commons isInternetAvailable about to check via http://www.google.com
2020-Jul-26 20:45:58 PM [main] INFO  CommonLogger - At commons isInternetAvailable able to connect to http://www.google.com
2020-Jul-26 20:45:58 PM [main] INFO  CommonLogger - CatalogDownloader start of downloadCatalog root :DemoGShContentRoot at 20200726204558
2020-Jul-26 20:45:58 PM [main] INFO  CommonLogger - CatalogDownloadDtlsHandler refreshCatalogDownloadDetailsMap start at 20200726204558
2020-Jul-26 20:45:58 PM [main] INFO  CommonLogger - CatalogDownloadDtlsHandler refreshCatalogDownloadDetailsMap start at 20200726204558
2020-Jul-26 20:45:58 PM [main] INFO  CommonLogger - CatalogDownloadDtlsHandler refreshCatalogDownloadDetailsMap start at 20200726204558
2020-Jul-26 20:45:58 PM [main] INFO  CommonLogger - CatalogDownloadDtlsHandler getCatalogDownLoadedFileNameIfAvailable. rootNick : DemoGShContentRoot
2020-Jul-26 20:45:58 PM [main] INFO  CommonLogger - CatalogDownloadDtlsHandler refreshCatalogDownloadDetailsMap start at 20200726204558
2020-Jul-26 20:45:58 PM [main] INFO  CommonLogger - CatalogDownloadDtlsHandler refreshCatalogDownloadDetailsMap start at 20200726204558
2020-Jul-26 20:45:58 PM [main] INFO  CommonLogger - CatalogDownloadDtlsHandler updateCatalogDownloadDetail for inRootNick DemoGShContentRoot at 20200726204558
2020-Jul-26 20:45:58 PM [main] INFO  CommonLogger - CatalogDownloadDtlsHandler refreshCatalogDownloadDetailsMap start at 20200726204558
2020-Jul-26 20:45:58 PM [main] INFO  CommonLogger - CatalogDownloadDtlsHandler getCatalogDownLoadedFileName for inRootNick DemoGShContentRoot
2020-Jul-26 20:45:58 PM [main] INFO  CommonLogger - CatalogDownloadDtlsHandler getCatalogDownLoadedFileNameIfAvailable. rootNick : DemoGShContentRoot
2020-Jul-26 20:45:58 PM [main] INFO  CommonLogger - CatalogDownloadDtlsHandler refreshCatalogDownloadDetailsMap start at 20200726204558
2020-Jul-26 20:45:58 PM [main] INFO  CommonLogger - ContentDownloader downloadContentFilesForOneRoot Started at 20200726204558
2020-Jul-26 20:45:58 PM [main] INFO  CommonLogger - At Commons isInternetAvailable about to check via http://www.google.com
2020-Jul-26 20:45:58 PM [main] INFO  CommonLogger - At commons isInternetAvailable able to connect to http://www.google.com
2020-Jul-26 20:45:58 PM [main] INFO  CommonLogger - CatalogDownloader start of downloadCatalog root :DemoGShContentRoot at 20200726204558
2020-Jul-26 20:45:58 PM [main] INFO  CommonLogger - CatalogDownloadDtlsHandler refreshCatalogDownloadDetailsMap start at 20200726204558
2020-Jul-26 20:45:58 PM [main] INFO  CommonLogger - CatalogDownloadDtlsHandler refreshCatalogDownloadDetailsMap start at 20200726204558
2020-Jul-26 20:45:58 PM [main] INFO  CommonLogger - CatalogDownloadDtlsHandler refreshCatalogDownloadDetailsMap start at 20200726204558
2020-Jul-26 20:45:58 PM [main] INFO  CommonLogger - CatalogDownloadDtlsHandler getCatalogDownLoadedFileName for inRootNick DemoGShContentRoot
2020-Jul-26 20:45:58 PM [main] INFO  CommonLogger - CatalogDownloadDtlsHandler getCatalogDownLoadedFileNameIfAvailable. rootNick : DemoGShContentRoot
2020-Jul-26 20:45:58 PM [main] INFO  CommonLogger - CatalogDownloadDtlsHandler refreshCatalogDownloadDetailsMap start at 20200726204558
2020-Jul-26 20:45:58 PM [main] INFO  CommonLogger - ContentDownloader downloadContentFilesForOneRoot Started at 20200726204558
2020-Jul-26 20:45:58 PM [main] INFO  CommonLogger - At Commons isInternetAvailable about to check via http://www.google.com
2020-Jul-26 20:45:58 PM [main] INFO  CommonLogger - At commons isInternetAvailable able to connect to http://www.google.com
2020-Jul-26 20:45:58 PM [main] INFO  CommonLogger - CatalogDownloader start of downloadCatalog root :DemoGShContentRoot at 20200726204558
2020-Jul-26 20:45:58 PM [main] INFO  CommonLogger - CatalogDownloadDtlsHandler refreshCatalogDownloadDetailsMap start at 20200726204558
2020-Jul-26 20:45:58 PM [main] INFO  CommonLogger - CatalogDownloadDtlsHandler refreshCatalogDownloadDetailsMap start at 20200726204558
2020-Jul-26 20:45:58 PM [main] INFO  CommonLogger - CatalogDownloadDtlsHandler refreshCatalogDownloadDetailsMap start at 20200726204558
2020-Jul-26 20:45:58 PM [main] INFO  CommonLogger - CatalogDownloadDtlsHandler getCatalogDownLoadedFileName for inRootNick DemoGShContentRoot
2020-Jul-26 20:45:58 PM [main] INFO  CommonLogger - CatalogDownloadDtlsHandler getCatalogDownLoadedFileNameIfAvailable. rootNick : DemoGShContentRoot
2020-Jul-26 20:45:58 PM [main] INFO  CommonLogger - CatalogDownloadDtlsHandler refreshCatalogDownloadDetailsMap start at 20200726204558
2020-Jul-26 20:45:58 PM [main] INFO  CommonLogger - ContentDownloader downloadContentFilesForOneRoot Started at 20200726204558
2020-Jul-26 20:46:02 PM [main] INFO  CommonLogger - At Commons isInternetAvailable about to check via http://www.google.com
2020-Jul-26 20:46:02 PM [main] INFO  CommonLogger - At commons isInternetAvailable able to connect to http://www.google.com
2020-Jul-26 20:46:02 PM [main] INFO  CommonLogger - CatalogDownloader start of downloadCatalog root :DemoGShContentRoot at 20200726204602
2020-Jul-26 20:46:02 PM [main] INFO  CommonLogger - CatalogDownloadDtlsHandler refreshCatalogDownloadDetailsMap start at 20200726204602
2020-Jul-26 20:46:02 PM [main] INFO  CommonLogger - CatalogDownloadDtlsHandler refreshCatalogDownloadDetailsMap start at 20200726204602
2020-Jul-26 20:46:02 PM [main] INFO  CommonLogger - CatalogDownloadDtlsHandler refreshCatalogDownloadDetailsMap start at 20200726204602
2020-Jul-26 20:46:02 PM [main] INFO  CommonLogger - CatalogDownloadDtlsHandler getCatalogDownLoadedFileName for inRootNick DemoGShContentRoot
2020-Jul-26 20:46:02 PM [main] INFO  CommonLogger - CatalogDownloadDtlsHandler getCatalogDownLoadedFileNameIfAvailable. rootNick : DemoGShContentRoot
2020-Jul-26 20:46:02 PM [main] INFO  CommonLogger - CatalogDownloadDtlsHandler refreshCatalogDownloadDetailsMap start at 20200726204602
2020-Jul-26 20:46:02 PM [main] INFO  CommonLogger - ContentDownloader downloadContentFilesForOneRoot Started at 20200726204602
2020-Jul-26 20:46:02 PM [main] INFO  CommonLogger - At Commons isInternetAvailable about to check via http://www.google.com
2020-Jul-26 20:46:02 PM [main] INFO  CommonLogger - At commons isInternetAvailable able to connect to http://www.google.com
2020-Jul-26 20:46:02 PM [main] INFO  CommonLogger - CatalogDownloader start of downloadCatalog root :DemoGShContentRoot at 20200726204602
2020-Jul-26 20:46:02 PM [main] INFO  CommonLogger - CatalogDownloadDtlsHandler refreshCatalogDownloadDetailsMap start at 20200726204602
2020-Jul-26 20:46:02 PM [main] INFO  CommonLogger - CatalogDownloadDtlsHandler refreshCatalogDownloadDetailsMap start at 20200726204602
2020-Jul-26 20:46:02 PM [main] INFO  CommonLogger - CatalogDownloadDtlsHandler refreshCatalogDownloadDetailsMap start at 20200726204602
2020-Jul-26 20:46:02 PM [main] INFO  CommonLogger - CatalogDownloadDtlsHandler getCatalogDownLoadedFileName for inRootNick DemoGShContentRoot
2020-Jul-26 20:46:02 PM [main] INFO  CommonLogger - CatalogDownloadDtlsHandler getCatalogDownLoadedFileNameIfAvailable. rootNick : DemoGShContentRoot
2020-Jul-26 20:46:02 PM [main] INFO  CommonLogger - CatalogDownloadDtlsHandler refreshCatalogDownloadDetailsMap start at 20200726204602
2020-Jul-26 20:46:02 PM [main] INFO  CommonLogger - ContentDownloader downloadContentFilesForOneRoot Started at 20200726204602
2020-Jul-26 20:46:02 PM [main] INFO  CommonLogger - At Commons isInternetAvailable about to check via http://www.google.com
2020-Jul-26 20:46:02 PM [main] INFO  CommonLogger - At commons isInternetAvailable able to connect to http://www.google.com
2020-Jul-26 20:46:02 PM [main] INFO  CommonLogger - CatalogDownloader start of downloadCatalog root :DemoGShContentRoot at 20200726204602
2020-Jul-26 20:46:02 PM [main] INFO  CommonLogger - CatalogDownloadDtlsHandler refreshCatalogDownloadDetailsMap start at 20200726204602
2020-Jul-26 20:46:02 PM [main] INFO  CommonLogger - CatalogDownloadDtlsHandler refreshCatalogDownloadDetailsMap start at 20200726204602
2020-Jul-26 20:46:02 PM [main] INFO  CommonLogger - CatalogDownloadDtlsHandler refreshCatalogDownloadDetailsMap start at 20200726204602
2020-Jul-26 20:46:02 PM [main] INFO  CommonLogger - CatalogDownloadDtlsHandler getCatalogDownLoadedFileName for inRootNick DemoGShContentRoot
2020-Jul-26 20:46:02 PM [main] INFO  CommonLogger - CatalogDownloadDtlsHandler getCatalogDownLoadedFileNameIfAvailable. rootNick : DemoGShContentRoot
2020-Jul-26 20:46:02 PM [main] INFO  CommonLogger - CatalogDownloadDtlsHandler refreshCatalogDownloadDetailsMap start at 20200726204602
2020-Jul-26 20:46:02 PM [main] INFO  CommonLogger - ContentDownloader downloadContentFilesForOneRoot Started at 20200726204602
2020-Jul-26 20:46:02 PM [main] INFO  CommonLogger - At Commons isInternetAvailable about to check via http://www.google.com
2020-Jul-26 20:46:02 PM [main] INFO  CommonLogger - At commons isInternetAvailable able to connect to http://www.google.com
2020-Jul-26 20:46:02 PM [main] INFO  CommonLogger - CatalogDownloader start of downloadCatalog root :DemoGShContentRoot at 20200726204602
2020-Jul-26 20:46:02 PM [main] INFO  CommonLogger - CatalogDownloadDtlsHandler refreshCatalogDownloadDetailsMap start at 20200726204602
2020-Jul-26 20:46:02 PM [main] INFO  CommonLogger - CatalogDownloadDtlsHandler refreshCatalogDownloadDetailsMap start at 20200726204602
2020-Jul-26 20:46:02 PM [main] INFO  CommonLogger - CatalogDownloadDtlsHandler refreshCatalogDownloadDetailsMap start at 20200726204602
2020-Jul-26 20:46:02 PM [main] INFO  CommonLogger - CatalogDownloadDtlsHandler getCatalogDownLoadedFileName for inRootNick DemoGShContentRoot
2020-Jul-26 20:46:02 PM [main] INFO  CommonLogger - CatalogDownloadDtlsHandler getCatalogDownLoadedFileNameIfAvailable. rootNick : DemoGShContentRoot
2020-Jul-26 20:46:02 PM [main] INFO  CommonLogger - CatalogDownloadDtlsHandler refreshCatalogDownloadDetailsMap start at 20200726204602
2020-Jul-26 20:46:03 PM [main] INFO  CommonLogger - ContentDownloader downloadContentFilesForOneRoot Started at 20200726204603
2020-Jul-26 20:46:03 PM [main] INFO  CommonLogger - At Commons isInternetAvailable about to check via http://www.google.com
2020-Jul-26 20:46:03 PM [main] INFO  CommonLogger - At commons isInternetAvailable able to connect to http://www.google.com
2020-Jul-26 20:46:03 PM [main] INFO  CommonLogger - CatalogDownloader start of downloadCatalog root :DemoGShContentRoot at 20200726204603
2020-Jul-26 20:46:03 PM [main] INFO  CommonLogger - CatalogDownloadDtlsHandler refreshCatalogDownloadDetailsMap start at 20200726204603
2020-Jul-26 20:46:03 PM [main] INFO  CommonLogger - CatalogDownloadDtlsHandler refreshCatalogDownloadDetailsMap start at 20200726204603
2020-Jul-26 20:46:03 PM [main] INFO  CommonLogger - CatalogDownloadDtlsHandler refreshCatalogDownloadDetailsMap start at 20200726204603
2020-Jul-26 20:46:03 PM [main] INFO  CommonLogger - CatalogDownloadDtlsHandler getCatalogDownLoadedFileNameIfAvailable. rootNick : DemoGShContentRoot
2020-Jul-26 20:46:03 PM [main] INFO  CommonLogger - CatalogDownloadDtlsHandler refreshCatalogDownloadDetailsMap start at 20200726204603
2020-Jul-26 20:46:03 PM [main] INFO  CommonLogger - CatalogDownloadDtlsHandler refreshCatalogDownloadDetailsMap start at 20200726204603
2020-Jul-26 20:46:03 PM [main] INFO  CommonLogger - CatalogDownloadDtlsHandler updateCatalogDownloadDetail for inRootNick DemoGShContentRoot at 20200726204603
2020-Jul-26 20:46:03 PM [main] INFO  CommonLogger - CatalogDownloadDtlsHandler refreshCatalogDownloadDetailsMap start at 20200726204603
2020-Jul-26 20:46:03 PM [main] INFO  CommonLogger - CatalogDownloadDtlsHandler getCatalogDownLoadedFileName for inRootNick DemoGShContentRoot
2020-Jul-26 20:46:03 PM [main] INFO  CommonLogger - CatalogDownloadDtlsHandler getCatalogDownLoadedFileNameIfAvailable. rootNick : DemoGShContentRoot
2020-Jul-26 20:46:03 PM [main] INFO  CommonLogger - CatalogDownloadDtlsHandler refreshCatalogDownloadDetailsMap start at 20200726204603
2020-Jul-26 20:46:03 PM [main] INFO  CommonLogger - ContentDownloader downloadContentFilesForOneRoot Started at 20200726204603
2020-Jul-26 20:46:03 PM [main] INFO  CommonLogger - At Commons isInternetAvailable about to check via http://www.google.com
2020-Jul-26 20:46:03 PM [main] INFO  CommonLogger - At commons isInternetAvailable able to connect to http://www.google.com
2020-Jul-26 20:46:03 PM [main] INFO  CommonLogger - CatalogDownloader start of downloadCatalog root :DemoGShContentRoot at 20200726204603
2020-Jul-26 20:46:03 PM [main] INFO  CommonLogger - CatalogDownloadDtlsHandler refreshCatalogDownloadDetailsMap start at 20200726204603
2020-Jul-26 20:46:03 PM [main] INFO  CommonLogger - CatalogDownloadDtlsHandler refreshCatalogDownloadDetailsMap start at 20200726204603
2020-Jul-26 20:46:03 PM [main] INFO  CommonLogger - CatalogDownloadDtlsHandler refreshCatalogDownloadDetailsMap start at 20200726204603
2020-Jul-26 20:46:03 PM [main] INFO  CommonLogger - CatalogDownloadDtlsHandler getCatalogDownLoadedFileName for inRootNick DemoGShContentRoot
2020-Jul-26 20:46:03 PM [main] INFO  CommonLogger - CatalogDownloadDtlsHandler getCatalogDownLoadedFileNameIfAvailable. rootNick : DemoGShContentRoot
2020-Jul-26 20:46:03 PM [main] INFO  CommonLogger - CatalogDownloadDtlsHandler refreshCatalogDownloadDetailsMap start at 20200726204603
2020-Jul-26 20:46:03 PM [main] INFO  CommonLogger - ContentDownloader downloadContentFilesForOneRoot Started at 20200726204603
