2020-Apr-17 23:51:44 PM [Thread-1] ERROR CommonLogger - Error at GenericGrouper doCommontInit 6 while dealing with : C:\Kannan\Java\ESPoT\WindowsRoots\DemoWinContentRoot\artifacts\MyOrg\Divisions\Sales\ProjTracker1_20200227164238.zip
2020-Apr-17 23:51:44 PM [Thread-1] ERROR CommonLogger - java.lang.Exception: Error at GenericGrouper doCommontInit 6 while dealing with : C:\Kannan\Java\ESPoT\WindowsRoots\DemoWinContentRoot\artifacts\MyOrg\Divisions\Sales\ProjTracker1_20200227164238.zip
2020-Apr-17 23:53:27 PM [Thread-1] ERROR CommonLogger - Error at GenericGrouper doCommontInit 6 while dealing with : C:\Kannan\Java\ESPoT\WindowsRoots\DemoWinContentRoot\artifacts\MyOrg\Divisions\Sales\ProjTracker1_20200227164238.zip
2020-Apr-17 23:53:27 PM [Thread-1] ERROR CommonLogger - java.lang.Exception: Error at GenericGrouper doCommontInit 6 while dealing with : C:\Kannan\Java\ESPoT\WindowsRoots\DemoWinContentRoot\artifacts\MyOrg\Divisions\Sales\ProjTracker1_20200227164238.zip
2020-Apr-17 23:53:45 PM [Thread-1] ERROR CommonLogger - Error at GenericGrouper doCommontInit 6 while dealing with : C:\Kannan\Java\ESPoT\WindowsRoots\DemoWinContentRoot\artifacts\MyOrg\Divisions\Sales\ProjTracker1_20200227164238.zip
2020-Apr-17 23:53:45 PM [Thread-1] ERROR CommonLogger - java.lang.Exception: Error at GenericGrouper doCommontInit 6 while dealing with : C:\Kannan\Java\ESPoT\WindowsRoots\DemoWinContentRoot\artifacts\MyOrg\Divisions\Sales\ProjTracker1_20200227164238.zip
2020-Apr-18 00:14:29 AM [Thread-2] ERROR CommonLogger - Error while unzipping ProjTracker1_20200227164238.zip into C:\Users\KVASAV~1\AppData\Local\Temp\ProjTracker1_20200227164238 from method run --- java.io.FileNotFoundException: C:\Users\KVASAV~1\AppData\Local\Temp\ProjTracker1_20200227164238\ProjTracker1.xlsx (The process cannot access the file because it is being used by another process)
2020-Apr-18 00:14:29 AM [Thread-2] ERROR CommonLogger - java.lang.Exception: Error while unzipping ProjTracker1_20200227164238.zip into C:\Users\KVASAV~1\AppData\Local\Temp\ProjTracker1_20200227164238 from method run --- java.io.FileNotFoundException: C:\Users\KVASAV~1\AppData\Local\Temp\ProjTracker1_20200227164238\ProjTracker1.xlsx (The process cannot access the file because it is being used by another process)
2020-Apr-18 00:14:49 AM [Thread-2] ERROR CommonLogger - Error while unzipping ProjTracker1_20200227164238.zip into C:\Users\KVASAV~1\AppData\Local\Temp\ProjTracker1_20200227164238
java.io.FileNotFoundException: C:\Users\KVASAV~1\AppData\Local\Temp\ProjTracker1_20200227164238\ProjTracker1.xlsx (The process cannot access the file because it is being used by another process)
	at java.io.FileOutputStream.open0(Native Method) ~[?:1.8.0_171]
	at java.io.FileOutputStream.open(Unknown Source) ~[?:1.8.0_171]
	at java.io.FileOutputStream.<init>(Unknown Source) ~[?:1.8.0_171]
	at java.io.FileOutputStream.<init>(Unknown Source) ~[?:1.8.0_171]
	at commonTechs.CommonTechs.UnZip(CommonTechs.java:891) ~[classes/:?]
	at espot.ArtifactMover.getPrimeFilePathWithStandAloneChk(ArtifactMover.java:431) [classes/:?]
	at espot.ArtifactMover.getPrimeFilePathForStandAloneRead(ArtifactMover.java:386) [classes/:?]
	at espot.GenericItemHandler.initializeContentHandlerForStandaloneReader(GenericItemHandler.java:73) [classes/:?]
	at espot.StandaloneReaderUI$2.widgetSelected(StandaloneReaderUI.java:232) [classes/:?]
	at org.eclipse.swt.widgets.TypedListener.handleEvent(Unknown Source) [org.eclipse.swt.win32.win32.x86_64-4.3.jar:?]
	at org.eclipse.swt.widgets.EventTable.sendEvent(Unknown Source) [org.eclipse.swt.win32.win32.x86_64-4.3.jar:?]
	at org.eclipse.swt.widgets.Widget.sendEvent(Unknown Source) [org.eclipse.swt.win32.win32.x86_64-4.3.jar:?]
	at org.eclipse.swt.widgets.Display.runDeferredEvents(Unknown Source) [org.eclipse.swt.win32.win32.x86_64-4.3.jar:?]
	at org.eclipse.swt.widgets.Display.readAndDispatch(Unknown Source) [org.eclipse.swt.win32.win32.x86_64-4.3.jar:?]
	at espot.StandaloneReaderUI.displayContent(StandaloneReaderUI.java:251) [classes/:?]
	at espot.StandaloneReaderUI.run(StandaloneReaderUI.java:60) [classes/:?]
	at java.lang.Thread.run(Unknown Source) [?:1.8.0_171]
2020-Apr-18 00:21:48 AM [Thread-1] ERROR CommonLogger - Error while unzipping ProjTracker1_20200227164238.zip into C:\Users\KVASAV~1\AppData\Local\Temp\ProjTracker1_20200227164238 from method run --- java.io.FileNotFoundException: C:\Users\KVASAV~1\AppData\Local\Temp\ProjTracker1_20200227164238\ProjTracker1.xlsx (The process cannot access the file because it is being used by another process)
2020-Apr-18 00:21:48 AM [Thread-1] ERROR CommonLogger - java.lang.Exception: Error while unzipping ProjTracker1_20200227164238.zip into C:\Users\KVASAV~1\AppData\Local\Temp\ProjTracker1_20200227164238 from method run --- java.io.FileNotFoundException: C:\Users\KVASAV~1\AppData\Local\Temp\ProjTracker1_20200227164238\ProjTracker1.xlsx (The process cannot access the file because it is being used by another process)
2020-Apr-18 00:21:51 AM [Thread-1] ERROR CommonLogger - Error while unzipping ProjTracker1_20200227164238.zip into C:\Users\KVASAV~1\AppData\Local\Temp\ProjTracker1_20200227164238
java.io.FileNotFoundException: C:\Users\KVASAV~1\AppData\Local\Temp\ProjTracker1_20200227164238\ProjTracker1.xlsx (The process cannot access the file because it is being used by another process)
	at java.io.FileOutputStream.open0(Native Method) ~[?:1.8.0_171]
	at java.io.FileOutputStream.open(Unknown Source) ~[?:1.8.0_171]
	at java.io.FileOutputStream.<init>(Unknown Source) ~[?:1.8.0_171]
	at java.io.FileOutputStream.<init>(Unknown Source) ~[?:1.8.0_171]
	at commonTechs.CommonTechs.UnZip(CommonTechs.java:891) ~[classes/:?]
	at espot.ArtifactMover.getPrimeFilePathWithStandAloneChk(ArtifactMover.java:431) [classes/:?]
	at espot.ArtifactMover.getPrimeFilePathForStandAloneRead(ArtifactMover.java:386) [classes/:?]
	at espot.GenericItemHandler.initializeContentHandlerForStandaloneReader(GenericItemHandler.java:73) [classes/:?]
	at espot.StandaloneReaderUI$2.widgetSelected(StandaloneReaderUI.java:236) [classes/:?]
	at org.eclipse.swt.widgets.TypedListener.handleEvent(Unknown Source) [org.eclipse.swt.win32.win32.x86_64-4.3.jar:?]
	at org.eclipse.swt.widgets.EventTable.sendEvent(Unknown Source) [org.eclipse.swt.win32.win32.x86_64-4.3.jar:?]
	at org.eclipse.swt.widgets.Widget.sendEvent(Unknown Source) [org.eclipse.swt.win32.win32.x86_64-4.3.jar:?]
	at org.eclipse.swt.widgets.Display.runDeferredEvents(Unknown Source) [org.eclipse.swt.win32.win32.x86_64-4.3.jar:?]
	at org.eclipse.swt.widgets.Display.readAndDispatch(Unknown Source) [org.eclipse.swt.win32.win32.x86_64-4.3.jar:?]
	at espot.StandaloneReaderUI.displayContent(StandaloneReaderUI.java:255) [classes/:?]
	at espot.StandaloneReaderUI.run(StandaloneReaderUI.java:60) [classes/:?]
	at java.lang.Thread.run(Unknown Source) [?:1.8.0_171]
2020-Apr-18 01:00:59 AM [Thread-1] ERROR CommonLogger - Error while unzipping ProjTracker1_20200227164238.zip into C:\Users\KVASAV~1\AppData\Local\Temp\ProjTracker1_20200227164238
2020-Apr-18 01:00:59 AM [Thread-1] ERROR CommonLogger - java.io.FileNotFoundException: C:\Users\KVASAV~1\AppData\Local\Temp\ProjTracker1_20200227164238\ProjTracker1.xlsx (The process cannot access the file because it is being used by another process)
2020-Apr-18 01:00:59 AM [Thread-1] ERROR CommonLogger - java.lang.Exception: java.io.FileNotFoundException: C:\Users\KVASAV~1\AppData\Local\Temp\ProjTracker1_20200227164238\ProjTracker1.xlsx (The process cannot access the file because it is being used by another process)
2020-Apr-18 01:01:21 AM [Thread-2] ERROR CommonLogger - Error while unzipping ProjTracker1_20200227164238.zip into C:\Users\KVASAV~1\AppData\Local\Temp\ProjTracker1_20200227164238
2020-Apr-18 01:01:21 AM [Thread-2] ERROR CommonLogger - java.io.FileNotFoundException: C:\Users\KVASAV~1\AppData\Local\Temp\ProjTracker1_20200227164238\ProjTracker1.xlsx (The process cannot access the file because it is being used by another process)
2020-Apr-18 01:01:21 AM [Thread-2] ERROR CommonLogger - java.lang.Exception: java.io.FileNotFoundException: C:\Users\KVASAV~1\AppData\Local\Temp\ProjTracker1_20200227164238\ProjTracker1.xlsx (The process cannot access the file because it is being used by another process)
2020-Apr-18 01:01:53 AM [Thread-3] ERROR CommonLogger - Error while unzipping ProjTracker1_20200227164238.zip into C:\Users\KVASAV~1\AppData\Local\Temp\ProjTracker1_20200227164238
2020-Apr-18 01:01:53 AM [Thread-3] ERROR CommonLogger - java.io.FileNotFoundException: C:\Users\KVASAV~1\AppData\Local\Temp\ProjTracker1_20200227164238\ProjTracker1.xlsx (The process cannot access the file because it is being used by another process)
2020-Apr-18 01:01:53 AM [Thread-3] ERROR CommonLogger - java.lang.Exception: java.io.FileNotFoundException: C:\Users\KVASAV~1\AppData\Local\Temp\ProjTracker1_20200227164238\ProjTracker1.xlsx (The process cannot access the file because it is being used by another process)
2020-Apr-18 01:03:21 AM [Thread-4] ERROR CommonLogger - Error while unzipping ProjTracker1_20200227164238.zip into C:\Users\KVASAV~1\AppData\Local\Temp\ProjTracker1_20200227164238
2020-Apr-18 01:03:21 AM [Thread-4] ERROR CommonLogger - java.io.FileNotFoundException: C:\Users\KVASAV~1\AppData\Local\Temp\ProjTracker1_20200227164238\ProjTracker1.xlsx (The process cannot access the file because it is being used by another process)
2020-Apr-18 01:03:21 AM [Thread-4] ERROR CommonLogger - java.lang.Exception: java.io.FileNotFoundException: C:\Users\KVASAV~1\AppData\Local\Temp\ProjTracker1_20200227164238\ProjTracker1.xlsx (The process cannot access the file because it is being used by another process)
2020-Apr-18 01:11:31 AM [Thread-1] ERROR CommonLogger - Error while unzipping ProjTracker1_20200227164238.zip into C:\Users\KVASAV~1\AppData\Local\Temp\ProjTracker1_20200227164238
2020-Apr-18 01:11:31 AM [Thread-1] ERROR CommonLogger - java.io.FileNotFoundException: C:\Users\KVASAV~1\AppData\Local\Temp\ProjTracker1_20200227164238\ProjTracker1.xlsx (The process cannot access the file because it is being used by another process)
2020-Apr-18 01:11:31 AM [Thread-1] ERROR CommonLogger - java.lang.Exception: java.io.FileNotFoundException: C:\Users\KVASAV~1\AppData\Local\Temp\ProjTracker1_20200227164238\ProjTracker1.xlsx (The process cannot access the file because it is being used by another process)
2020-Apr-18 01:12:44 AM [Thread-1] ERROR CommonLogger - Error while unzipping ProjTracker1_20200227164238.zip into C:\Users\KVASAV~1\AppData\Local\Temp\ProjTracker1_20200227164238
2020-Apr-18 01:12:44 AM [Thread-1] ERROR CommonLogger - java.io.FileNotFoundException: C:\Users\KVASAV~1\AppData\Local\Temp\ProjTracker1_20200227164238\ProjTracker1.xlsx (The process cannot access the file because it is being used by another process)
2020-Apr-18 01:12:44 AM [Thread-1] ERROR CommonLogger - java.lang.Exception: java.io.FileNotFoundException: C:\Users\KVASAV~1\AppData\Local\Temp\ProjTracker1_20200227164238\ProjTracker1.xlsx (The process cannot access the file because it is being used by another process)
2020-Apr-18 01:16:17 AM [Thread-1] ERROR CommonLogger - Error while unzipping ProjTracker1_20200227164238.zip into C:\Users\KVASAV~1\AppData\Local\Temp\ProjTracker1_20200227164238
2020-Apr-18 01:16:17 AM [Thread-1] ERROR CommonLogger - java.io.FileNotFoundException: C:\Users\KVASAV~1\AppData\Local\Temp\ProjTracker1_20200227164238\ProjTracker1.xlsx (The process cannot access the file because it is being used by another process)
2020-Apr-18 01:16:17 AM [Thread-1] ERROR CommonLogger - java.lang.Exception: java.io.FileNotFoundException: C:\Users\KVASAV~1\AppData\Local\Temp\ProjTracker1_20200227164238\ProjTracker1.xlsx (The process cannot access the file because it is being used by another process)
2020-Apr-18 01:21:58 AM [Thread-1] ERROR CommonLogger - Error while unzipping ProjTracker1_20200227164238.zip into C:\Users\KVASAV~1\AppData\Local\Temp\ProjTracker1_20200227164238
2020-Apr-18 01:21:59 AM [Thread-1] ERROR CommonLogger - java.io.FileNotFoundException: C:\Users\KVASAV~1\AppData\Local\Temp\ProjTracker1_20200227164238\ProjTracker1.xlsx (The process cannot access the file because it is being used by another process)
2020-Apr-18 01:24:13 AM [Thread-1] ERROR CommonLogger - Error while unzipping ProjTracker1_20200227164238.zip into C:\Users\KVASAV~1\AppData\Local\Temp\ProjTracker1_20200227164238
2020-Apr-18 01:24:13 AM [Thread-1] ERROR CommonLogger - java.io.FileNotFoundException: C:\Users\KVASAV~1\AppData\Local\Temp\ProjTracker1_20200227164238\ProjTracker1.xlsx (The process cannot access the file because it is being used by another process)
2020-Apr-18 01:24:13 AM [Thread-1] ERROR CommonLogger - java.lang.Exception: java.io.FileNotFoundException: C:\Users\KVASAV~1\AppData\Local\Temp\ProjTracker1_20200227164238\ProjTracker1.xlsx (The process cannot access the file because it is being used by another process)
2020-Apr-18 01:24:15 AM [Thread-1] ERROR CommonLogger - Error at GenericGrouper doCommontInit 3 while dealing with : C:\Kannan\Java\ESPoT\WindowsRoots\DemoWinContentRoot\artifacts\MyOrg\Divisions\Sales\ProjTracker1_20200227164238.zip
2020-Apr-18 01:24:15 AM [Thread-1] ERROR CommonLogger - java.lang.Exception: Error at GenericGrouper doCommontInit 3 while dealing with : C:\Kannan\Java\ESPoT\WindowsRoots\DemoWinContentRoot\artifacts\MyOrg\Divisions\Sales\ProjTracker1_20200227164238.zip
2020-Apr-18 01:26:17 AM [Thread-1] ERROR CommonLogger - Error while unzipping ProjTracker1_20200227164238.zip into C:\Users\KVASAV~1\AppData\Local\Temp\ProjTracker1_20200227164238
2020-Apr-18 01:26:17 AM [Thread-1] ERROR CommonLogger - java.io.FileNotFoundException: C:\Users\KVASAV~1\AppData\Local\Temp\ProjTracker1_20200227164238\ProjTracker1.xlsx (The process cannot access the file because it is being used by another process)
2020-Apr-18 01:26:17 AM [Thread-1] ERROR CommonLogger - java.lang.Exception: java.io.FileNotFoundException: C:\Users\KVASAV~1\AppData\Local\Temp\ProjTracker1_20200227164238\ProjTracker1.xlsx (The process cannot access the file because it is being used by another process)
2020-Apr-18 01:26:26 AM [Thread-1] ERROR CommonLogger - Error while unzipping ProjTracker1_20200227164238.zip into C:\Users\KVASAV~1\AppData\Local\Temp\ProjTracker1_20200227164238
2020-Apr-18 01:26:26 AM [Thread-1] ERROR CommonLogger - java.io.FileNotFoundException: C:\Users\KVASAV~1\AppData\Local\Temp\ProjTracker1_20200227164238\ProjTracker1.xlsx (The process cannot access the file because it is being used by another process)
2020-Apr-18 01:26:26 AM [Thread-1] ERROR CommonLogger - java.lang.Exception: java.io.FileNotFoundException: C:\Users\KVASAV~1\AppData\Local\Temp\ProjTracker1_20200227164238\ProjTracker1.xlsx (The process cannot access the file because it is being used by another process)
2020-Apr-18 01:26:31 AM [Thread-1] ERROR CommonLogger - Error while unzipping ProjTracker1_20200227164238.zip into C:\Users\KVASAV~1\AppData\Local\Temp\ProjTracker1_20200227164238
2020-Apr-18 01:26:31 AM [Thread-1] ERROR CommonLogger - java.io.FileNotFoundException: C:\Users\KVASAV~1\AppData\Local\Temp\ProjTracker1_20200227164238\ProjTracker1.xlsx (The process cannot access the file because it is being used by another process)
2020-Apr-18 01:26:31 AM [Thread-1] ERROR CommonLogger - java.lang.Exception: java.io.FileNotFoundException: C:\Users\KVASAV~1\AppData\Local\Temp\ProjTracker1_20200227164238\ProjTracker1.xlsx (The process cannot access the file because it is being used by another process)
2020-Apr-25 21:02:05 PM [main] INFO  CommonLogger - CatalogDownloadDtlsHandler refreshCatalogDownloadDetailsMap start at 20200425210205
2020-Apr-25 21:02:05 PM [main] INFO  CommonLogger - CatalogDownloadDtlsHandler getCatalogDownLoadedFileNameIfAvailable. rootNick : DemoWinContentRoot
2020-Apr-25 21:02:05 PM [main] INFO  CommonLogger - CatalogDownloadDtlsHandler refreshCatalogDownloadDetailsMap start at 20200425210205
2020-Apr-25 21:02:05 PM [main] INFO  CommonLogger -  Catalog Display Started at 20200425210205
2020-Apr-25 21:02:05 PM [main] INFO  CommonLogger - PublishedRootsHandler rootCount 0; rootPojo.rootPrefix is C:\Kannan\Java\ColbTrk\WindowsRoots\DemoWinPlatformRoot
2020-Apr-25 21:02:05 PM [main] INFO  CommonLogger - PublishedRootsHandler rootPojo.rootString is C:\Kannan\Java\ColbTrk\WindowsRoots\DemoWinPlatformRoot
2020-Apr-25 21:02:05 PM [main] INFO  CommonLogger - PublishedRootsHandler rootCount 1; rootPojo.rootPrefix is C:\Kannan\Java\ColbTrk\WindowsRoots\DemoWinContentRoot
2020-Apr-25 21:02:05 PM [main] INFO  CommonLogger - PublishedRootsHandler rootPojo.rootString is C:\Kannan\Java\ColbTrk\WindowsRoots\DemoWinContentRoot
2020-Apr-25 21:02:05 PM [main] INFO  CommonLogger - PublishedRootsHandler rootCount 2; rootPojo.rootPrefix is 1rjgy5Fu7H1PbkCHdKWGku-NmaUlQWCZ4
2020-Apr-25 21:02:05 PM [main] INFO  CommonLogger - PublishedRootsHandler rootPojo.rootString is 1rjgy5Fu7H1PbkCHdKWGku-NmaUlQWCZ4
2020-Apr-25 21:02:05 PM [main] INFO  CommonLogger - PublishedRootsHandler rootCount 3; rootPojo.rootPrefix is 1m_bP_GX_9GNqc2YvH0If7VWXTxTgbjo8
2020-Apr-25 21:02:05 PM [main] INFO  CommonLogger - PublishedRootsHandler rootPojo.rootString is 1m_bP_GX_9GNqc2YvH0If7VWXTxTgbjo8
2020-Apr-25 21:02:05 PM [main] INFO  CommonLogger - PublishedRootsHandler rootCount 4; rootPojo.rootPrefix is https://testaaaaaaaaaaaaaa.aaaaaaaaa.com
2020-Apr-25 21:02:05 PM [main] INFO  CommonLogger - PublishedRootsHandler rootPojo.rootString is https://testaaaaaaaaaaaaaa.aaaaaaaaa.com
2020-Apr-25 21:02:05 PM [main] INFO  CommonLogger - PublishedRootsHandler rootCount 5; rootPojo.rootPrefix is C:\Kannan\Java\ColbTrk\WindowsRoots\KKTestWinRoot
2020-Apr-25 21:02:05 PM [main] INFO  CommonLogger - PublishedRootsHandler rootPojo.rootString is C:\Kannan\Java\ColbTrk\WindowsRoots\KKTestWinRoot
2020-Apr-25 21:02:05 PM [main] INFO  CommonLogger - CatalogDownloadDtlsHandler refreshCatalogDownloadDetailsMap start at 20200425210205
2020-Apr-25 21:02:05 PM [main] INFO  CommonLogger - CatalogDownloadDtlsHandler getCatalogDownLoadedFileName for inRootNick DemoWinContentRoot
2020-Apr-25 21:02:05 PM [main] INFO  CommonLogger - CatalogDownloadDtlsHandler getCatalogDownLoadedFileNameIfAvailable. rootNick : DemoWinContentRoot
2020-Apr-25 21:02:05 PM [main] INFO  CommonLogger - CatalogDownloadDtlsHandler refreshCatalogDownloadDetailsMap start at 20200425210205
2020-Apr-25 21:02:07 PM [Thread-1] INFO  CommonLogger - At ArtifactsDisplay displayArtifact start 
2020-Apr-25 21:02:07 PM [Thread-1] INFO  CommonLogger - CatelogPersistenceManager in setData start
2020-Apr-25 21:02:07 PM [Thread-1] INFO  CommonLogger - inArtifactPojos at setArtifactValues is [espot.ERLDownload@3b09e096, espot.ERLDownload@5df53845, espot.ERLDownload@4e65b784, espot.ERLDownload@3fc9c2dd, espot.ERLDownload@4b3098e2, espot.ERLDownload@3f73a6d1, espot.ERLDownload@5cc9ff2c, espot.ERLDownload@2d671142]
2020-Apr-25 21:02:07 PM [Thread-1] INFO  CommonLogger - At ArtifactsDisplay DisplayContent Start
