2020-Apr-12 16:09:18 PM [main] ERROR CommonLogger - Error in WindowsAccesser getRemoteFileStream of C:\Kannan\Java\ESPoT\WindowsRoots\DemoWinPlatformRoot/ColbTrkUpdatesLog.xml
java.io.FileNotFoundException: C:\Kannan\Java\ESPoT\WindowsRoots\DemoWinPlatformRoot\ColbTrkUpdatesLog.xml (The system cannot find the file specified)
	at java.io.FileInputStream.open0(Native Method) ~[?:1.8.0_171]
	at java.io.FileInputStream.open(Unknown Source) ~[?:1.8.0_171]
	at java.io.FileInputStream.<init>(Unknown Source) ~[?:1.8.0_171]
	at remoteAccessers.WindowsAccesser.getRemoteFileStream(WindowsAccesser.java:107) [ColbTrkRemoteAccessers.jar!/:?]
	at espot.SysCompRefresh.<init>(SysCompRefresh.java:57) [classes/:?]
	at espot.SysCompRefresh.compRefresh(SysCompRefresh.java:26) [classes/:?]
	at espot.ColbTrkClientOrchestrator.<init>(ColbTrkClientOrchestrator.java:29) [classes/:?]
	at espot.ColbTrkClientUI.btnClientOrchestratorProcess(ColbTrkClientUI.java:176) [classes/:?]
	at espot.ColbTrkClientUI.displayCollabTrackClient(ColbTrkClientUI.java:116) [classes/:?]
	at espot.ColbTrkClientUI.main(ColbTrkClientUI.java:184) [classes/:?]
2020-Apr-12 16:13:14 PM [Thread-2] WARN  CommonLogger -  rootNick DemoWinContentRoot has 6 unfinished requests. e.g. espot.ReqTrackItem@5e0f09bf
2020-Apr-12 17:21:35 PM [main] ERROR CommonLogger - Error in WindowsAccesser getRemoteFileStream of C:\Kannan\Java\ColbTrk\WindowsRoots\DemoWinPlatformRoot/ColbTrkUpdatesLog.xml
java.io.FileNotFoundException: C:\Kannan\Java\ColbTrk\WindowsRoots\DemoWinPlatformRoot\ColbTrkUpdatesLog.xml (The system cannot find the file specified)
	at java.io.FileInputStream.open0(Native Method) ~[?:1.8.0_171]
	at java.io.FileInputStream.open(Unknown Source) ~[?:1.8.0_171]
	at java.io.FileInputStream.<init>(Unknown Source) ~[?:1.8.0_171]
	at remoteAccessers.WindowsAccesser.getRemoteFileStream(WindowsAccesser.java:107) [ColbTrkRemoteAccessers.jar!/:?]
	at espot.SysCompRefresh.<init>(SysCompRefresh.java:57) [classes/:?]
	at espot.SysCompRefresh.compRefresh(SysCompRefresh.java:26) [classes/:?]
	at espot.ColbTrkClientOrchestrator.<init>(ColbTrkClientOrchestrator.java:29) [classes/:?]
	at espot.ColbTrkClientUI.btnClientOrchestratorProcess(ColbTrkClientUI.java:176) [classes/:?]
	at espot.ColbTrkClientUI.displayCollabTrackClient(ColbTrkClientUI.java:116) [classes/:?]
	at espot.ColbTrkClientUI.main(ColbTrkClientUI.java:184) [classes/:?]
2020-Apr-12 17:23:34 PM [main] ERROR CommonLogger - Error in WindowsAccesser getRemoteFileStream of C:\Kannan\Java\ColbTrk\WindowsRoots\DemoWinPlatformRoot/ColbTrkUpdatesLog.xml
java.io.FileNotFoundException: C:\Kannan\Java\ColbTrk\WindowsRoots\DemoWinPlatformRoot\ColbTrkUpdatesLog.xml (The system cannot find the file specified)
	at java.io.FileInputStream.open0(Native Method) ~[?:1.8.0_171]
	at java.io.FileInputStream.open(Unknown Source) ~[?:1.8.0_171]
	at java.io.FileInputStream.<init>(Unknown Source) ~[?:1.8.0_171]
	at remoteAccessers.WindowsAccesser.getRemoteFileStream(WindowsAccesser.java:107) [ColbTrkRemoteAccessers.jar!/:?]
	at espot.SysCompRefresh.<init>(SysCompRefresh.java:57) [classes/:?]
	at espot.SysCompRefresh.compRefresh(SysCompRefresh.java:26) [classes/:?]
	at espot.ColbTrkClientOrchestrator.<init>(ColbTrkClientOrchestrator.java:29) [classes/:?]
	at espot.ColbTrkClientUI.btnClientOrchestratorProcess(ColbTrkClientUI.java:176) [classes/:?]
	at espot.ColbTrkClientUI.displayCollabTrackClient(ColbTrkClientUI.java:116) [classes/:?]
	at espot.ColbTrkClientUI.main(ColbTrkClientUI.java:184) [classes/:?]
2020-Apr-12 18:05:47 PM [Thread-2] WARN  CommonLogger -  rootNick DemoWinContentRoot has 6 unfinished requests. e.g. espot.ReqTrackItem@692a3ba4
2020-Apr-12 18:06:46 PM [Thread-2] WARN  CommonLogger -  rootNick DemoWinContentRoot has 6 unfinished requests. e.g. espot.ReqTrackItem@692a3ba4
2020-Apr-12 18:07:46 PM [Thread-2] WARN  CommonLogger -  rootNick DemoWinContentRoot has 6 unfinished requests. e.g. espot.ReqTrackItem@692a3ba4
2020-Apr-12 18:08:47 PM [Thread-2] WARN  CommonLogger -  rootNick DemoWinContentRoot has 6 unfinished requests. e.g. espot.ReqTrackItem@692a3ba4
2020-Apr-12 18:09:46 PM [Thread-2] WARN  CommonLogger -  rootNick DemoWinContentRoot has 6 unfinished requests. e.g. espot.ReqTrackItem@692a3ba4
2020-Apr-12 18:10:46 PM [Thread-2] WARN  CommonLogger -  rootNick DemoWinContentRoot has 6 unfinished requests. e.g. espot.ReqTrackItem@692a3ba4
2020-Apr-12 18:11:47 PM [Thread-2] WARN  CommonLogger -  rootNick DemoWinContentRoot has 6 unfinished requests. e.g. espot.ReqTrackItem@692a3ba4
2020-Apr-12 18:12:47 PM [Thread-2] WARN  CommonLogger -  rootNick DemoWinContentRoot has 6 unfinished requests. e.g. espot.ReqTrackItem@692a3ba4
2020-Apr-12 18:13:47 PM [Thread-2] WARN  CommonLogger -  rootNick DemoWinContentRoot has 6 unfinished requests. e.g. espot.ReqTrackItem@692a3ba4
2020-Apr-12 18:14:47 PM [Thread-2] WARN  CommonLogger -  rootNick DemoWinContentRoot has 6 unfinished requests. e.g. espot.ReqTrackItem@692a3ba4
2020-Apr-12 18:15:47 PM [Thread-2] WARN  CommonLogger -  rootNick DemoWinContentRoot has 6 unfinished requests. e.g. espot.ReqTrackItem@692a3ba4
2020-Apr-12 18:16:47 PM [Thread-2] WARN  CommonLogger -  rootNick DemoWinContentRoot has 6 unfinished requests. e.g. espot.ReqTrackItem@692a3ba4
2020-Apr-12 18:17:47 PM [Thread-2] WARN  CommonLogger -  rootNick DemoWinContentRoot has 6 unfinished requests. e.g. espot.ReqTrackItem@692a3ba4
2020-Apr-12 18:18:47 PM [Thread-2] WARN  CommonLogger -  rootNick DemoWinContentRoot has 6 unfinished requests. e.g. espot.ReqTrackItem@692a3ba4
2020-Apr-12 18:19:47 PM [Thread-2] WARN  CommonLogger -  rootNick DemoWinContentRoot has 6 unfinished requests. e.g. espot.ReqTrackItem@692a3ba4
2020-Apr-12 18:20:47 PM [Thread-2] WARN  CommonLogger -  rootNick DemoWinContentRoot has 6 unfinished requests. e.g. espot.ReqTrackItem@692a3ba4
2020-Apr-12 18:21:47 PM [Thread-2] WARN  CommonLogger -  rootNick DemoWinContentRoot has 6 unfinished requests. e.g. espot.ReqTrackItem@692a3ba4
2020-Apr-12 18:23:55 PM [Thread-2] WARN  CommonLogger -  rootNick DemoWinContentRoot has 6 unfinished requests. e.g. espot.ReqTrackItem@622d6f40
2020-Apr-12 18:24:54 PM [Thread-2] WARN  CommonLogger -  rootNick DemoWinContentRoot has 6 unfinished requests. e.g. espot.ReqTrackItem@622d6f40
2020-Apr-12 18:25:54 PM [Thread-2] WARN  CommonLogger -  rootNick DemoWinContentRoot has 6 unfinished requests. e.g. espot.ReqTrackItem@622d6f40
2020-Apr-12 18:26:54 PM [Thread-2] WARN  CommonLogger -  rootNick DemoWinContentRoot has 6 unfinished requests. e.g. espot.ReqTrackItem@622d6f40
2020-Apr-12 18:27:54 PM [Thread-2] WARN  CommonLogger -  rootNick DemoWinContentRoot has 6 unfinished requests. e.g. espot.ReqTrackItem@622d6f40
2020-Apr-12 18:28:54 PM [Thread-2] WARN  CommonLogger -  rootNick DemoWinContentRoot has 6 unfinished requests. e.g. espot.ReqTrackItem@622d6f40
2020-Apr-12 18:29:54 PM [Thread-2] WARN  CommonLogger -  rootNick DemoWinContentRoot has 6 unfinished requests. e.g. espot.ReqTrackItem@622d6f40
2020-Apr-12 18:30:54 PM [Thread-2] WARN  CommonLogger -  rootNick DemoWinContentRoot has 6 unfinished requests. e.g. espot.ReqTrackItem@622d6f40
2020-Apr-12 18:31:54 PM [Thread-2] WARN  CommonLogger -  rootNick DemoWinContentRoot has 6 unfinished requests. e.g. espot.ReqTrackItem@622d6f40
2020-Apr-12 18:32:54 PM [Thread-2] WARN  CommonLogger -  rootNick DemoWinContentRoot has 6 unfinished requests. e.g. espot.ReqTrackItem@622d6f40
2020-Apr-12 18:33:54 PM [Thread-2] WARN  CommonLogger -  rootNick DemoWinContentRoot has 6 unfinished requests. e.g. espot.ReqTrackItem@622d6f40
2020-Apr-12 18:34:54 PM [Thread-2] WARN  CommonLogger -  rootNick DemoWinContentRoot has 6 unfinished requests. e.g. espot.ReqTrackItem@622d6f40
2020-Apr-12 18:35:54 PM [Thread-2] WARN  CommonLogger -  rootNick DemoWinContentRoot has 6 unfinished requests. e.g. espot.ReqTrackItem@622d6f40
2020-Apr-12 18:36:54 PM [Thread-2] WARN  CommonLogger -  rootNick DemoWinContentRoot has 6 unfinished requests. e.g. espot.ReqTrackItem@622d6f40
2020-Apr-12 18:37:54 PM [Thread-2] WARN  CommonLogger -  rootNick DemoWinContentRoot has 6 unfinished requests. e.g. espot.ReqTrackItem@622d6f40
2020-Apr-12 18:38:54 PM [Thread-2] WARN  CommonLogger -  rootNick DemoWinContentRoot has 6 unfinished requests. e.g. espot.ReqTrackItem@622d6f40
2020-Apr-12 18:39:54 PM [Thread-2] WARN  CommonLogger -  rootNick DemoWinContentRoot has 6 unfinished requests. e.g. espot.ReqTrackItem@622d6f40
2020-Apr-12 18:40:54 PM [Thread-2] WARN  CommonLogger -  rootNick DemoWinContentRoot has 6 unfinished requests. e.g. espot.ReqTrackItem@622d6f40
2020-Apr-12 18:41:54 PM [Thread-2] WARN  CommonLogger -  rootNick DemoWinContentRoot has 6 unfinished requests. e.g. espot.ReqTrackItem@622d6f40
2020-Apr-12 18:42:54 PM [Thread-2] WARN  CommonLogger -  rootNick DemoWinContentRoot has 6 unfinished requests. e.g. espot.ReqTrackItem@622d6f40
2020-Apr-12 18:43:54 PM [Thread-2] WARN  CommonLogger -  rootNick DemoWinContentRoot has 6 unfinished requests. e.g. espot.ReqTrackItem@622d6f40
2020-Apr-12 18:44:54 PM [Thread-2] WARN  CommonLogger -  rootNick DemoWinContentRoot has 6 unfinished requests. e.g. espot.ReqTrackItem@622d6f40
2020-Apr-12 18:45:54 PM [Thread-2] WARN  CommonLogger -  rootNick DemoWinContentRoot has 6 unfinished requests. e.g. espot.ReqTrackItem@622d6f40
2020-Apr-12 18:46:54 PM [Thread-2] WARN  CommonLogger -  rootNick DemoWinContentRoot has 6 unfinished requests. e.g. espot.ReqTrackItem@622d6f40
2020-Apr-12 18:47:54 PM [Thread-2] WARN  CommonLogger -  rootNick DemoWinContentRoot has 6 unfinished requests. e.g. espot.ReqTrackItem@622d6f40
2020-Apr-12 18:48:54 PM [Thread-2] WARN  CommonLogger -  rootNick DemoWinContentRoot has 6 unfinished requests. e.g. espot.ReqTrackItem@622d6f40
2020-Apr-12 18:49:54 PM [Thread-2] WARN  CommonLogger -  rootNick DemoWinContentRoot has 6 unfinished requests. e.g. espot.ReqTrackItem@622d6f40
2020-Apr-12 18:50:54 PM [Thread-2] WARN  CommonLogger -  rootNick DemoWinContentRoot has 6 unfinished requests. e.g. espot.ReqTrackItem@622d6f40
2020-Apr-12 18:51:54 PM [Thread-2] WARN  CommonLogger -  rootNick DemoWinContentRoot has 6 unfinished requests. e.g. espot.ReqTrackItem@622d6f40
2020-Apr-12 18:52:54 PM [Thread-2] WARN  CommonLogger -  rootNick DemoWinContentRoot has 6 unfinished requests. e.g. espot.ReqTrackItem@622d6f40
2020-Apr-12 18:56:15 PM [Thread-2] WARN  CommonLogger -  rootNick DemoWinContentRoot has 6 unfinished requests. e.g. espot.ReqTrackItem@14773918
2020-Apr-12 18:57:15 PM [Thread-2] WARN  CommonLogger -  rootNick DemoWinContentRoot has 6 unfinished requests. e.g. espot.ReqTrackItem@14773918
2020-Apr-12 18:58:15 PM [Thread-2] WARN  CommonLogger -  rootNick DemoWinContentRoot has 6 unfinished requests. e.g. espot.ReqTrackItem@14773918
2020-Apr-12 18:59:15 PM [Thread-2] WARN  CommonLogger -  rootNick DemoWinContentRoot has 6 unfinished requests. e.g. espot.ReqTrackItem@14773918
2020-Apr-12 19:00:15 PM [Thread-2] WARN  CommonLogger -  rootNick DemoWinContentRoot has 6 unfinished requests. e.g. espot.ReqTrackItem@14773918
2020-Apr-12 19:01:15 PM [Thread-2] WARN  CommonLogger -  rootNick DemoWinContentRoot has 6 unfinished requests. e.g. espot.ReqTrackItem@14773918
2020-Apr-12 19:02:15 PM [Thread-2] WARN  CommonLogger -  rootNick DemoWinContentRoot has 6 unfinished requests. e.g. espot.ReqTrackItem@14773918
2020-Apr-12 19:03:15 PM [Thread-2] WARN  CommonLogger -  rootNick DemoWinContentRoot has 6 unfinished requests. e.g. espot.ReqTrackItem@14773918
2020-Apr-12 19:04:15 PM [Thread-2] WARN  CommonLogger -  rootNick DemoWinContentRoot has 6 unfinished requests. e.g. espot.ReqTrackItem@14773918
2020-Apr-12 19:05:15 PM [Thread-2] WARN  CommonLogger -  rootNick DemoWinContentRoot has 6 unfinished requests. e.g. espot.ReqTrackItem@14773918
2020-Apr-12 19:06:15 PM [Thread-2] WARN  CommonLogger -  rootNick DemoWinContentRoot has 6 unfinished requests. e.g. espot.ReqTrackItem@14773918
2020-Apr-12 19:07:15 PM [Thread-2] WARN  CommonLogger -  rootNick DemoWinContentRoot has 6 unfinished requests. e.g. espot.ReqTrackItem@14773918
2020-Apr-12 19:08:15 PM [Thread-2] WARN  CommonLogger -  rootNick DemoWinContentRoot has 6 unfinished requests. e.g. espot.ReqTrackItem@14773918
